Copyright 1986-2019 Xilinx, Inc. All Rights Reserved.
------------------------------------------------------------------------------------
| Tool Version : Vivado v.2019.1 (win64) Build 2552052 Fri May 24 14:49:42 MDT 2019
| Date         : Thu Apr 28 19:19:21 2022
| Host         : LAPTOP-6D15CRP5 running 64-bit major release  (build 9200)
| Command      : upgrade_ip
| Device       : xc7z020clg400-1
------------------------------------------------------------------------------------

Upgrade Log for IP 'ugv_motorPWM_0_2'

1. Summary
----------

SUCCESS in the conversion of ugv_motorPWM_0_2 (xilinx.com:user:motorPWM:1.0 (Rev. 16)) to Vivado generation flows.






Copyright 1986-2019 Xilinx, Inc. All Rights Reserved.
------------------------------------------------------------------------------------
| Tool Version : Vivado v.2019.1 (win64) Build 2552052 Fri May 24 14:49:42 MDT 2019
| Date         : Thu Apr 28 19:19:21 2022
| Host         : LAPTOP-6D15CRP5 running 64-bit major release  (build 9200)
| Command      : upgrade_ip
| Device       : xc7z020clg400-1
------------------------------------------------------------------------------------

Upgrade Log for IP 'ugv_motorPWM_0_1'

1. Summary
----------

SUCCESS in the conversion of ugv_motorPWM_0_1 (xilinx.com:user:motorPWM:1.0 (Rev. 16)) to Vivado generation flows.






Copyright 1986-2019 Xilinx, Inc. All Rights Reserved.
------------------------------------------------------------------------------------
| Tool Version : Vivado v.2019.1 (win64) Build 2552052 Fri May 24 14:49:42 MDT 2019
| Date         : Thu Apr 28 19:19:21 2022
| Host         : LAPTOP-6D15CRP5 running 64-bit major release  (build 9200)
| Command      : upgrade_ip
| Device       : xc7z020clg400-1
------------------------------------------------------------------------------------

Upgrade Log for IP 'ugv_motorPWM_0_0'

1. Summary
----------

SUCCESS in the conversion of ugv_motorPWM_0_0 (xilinx.com:user:motorPWM:1.0 (Rev. 16)) to Vivado generation flows.






Copyright 1986-2019 Xilinx, Inc. All Rights Reserved.
------------------------------------------------------------------------------------
| Tool Version : Vivado v.2019.1 (win64) Build 2552052 Fri May 24 14:49:42 MDT 2019
| Date         : Thu Apr 28 19:16:53 2022
| Host         : LAPTOP-6D15CRP5 running 64-bit major release  (build 9200)
| Command      : upgrade_ip
| Device       : xc7z020clg400-1
------------------------------------------------------------------------------------

Upgrade Log for IP 'ugv_motorPWM_0_2'

1. Summary
----------

SUCCESS in the conversion of ugv_motorPWM_0_2 (xilinx.com:user:motorPWM:1.0 (Rev. 16)) to Vivado generation flows.






Copyright 1986-2019 Xilinx, Inc. All Rights Reserved.
------------------------------------------------------------------------------------
| Tool Version : Vivado v.2019.1 (win64) Build 2552052 Fri May 24 14:49:42 MDT 2019
| Date         : Thu Apr 28 19:16:53 2022
| Host         : LAPTOP-6D15CRP5 running 64-bit major release  (build 9200)
| Command      : upgrade_ip
| Device       : xc7z020clg400-1
------------------------------------------------------------------------------------

Upgrade Log for IP 'ugv_motorPWM_0_1'

1. Summary
----------

SUCCESS in the conversion of ugv_motorPWM_0_1 (xilinx.com:user:motorPWM:1.0 (Rev. 16)) to Vivado generation flows.






Copyright 1986-2019 Xilinx, Inc. All Rights Reserved.
------------------------------------------------------------------------------------
| Tool Version : Vivado v.2019.1 (win64) Build 2552052 Fri May 24 14:49:42 MDT 2019
| Date         : Thu Apr 28 19:16:53 2022
| Host         : LAPTOP-6D15CRP5 running 64-bit major release  (build 9200)
| Command      : upgrade_ip
| Device       : xc7z020clg400-1
------------------------------------------------------------------------------------

Upgrade Log for IP 'ugv_motorPWM_0_0'

1. Summary
----------

SUCCESS in the conversion of ugv_motorPWM_0_0 (xilinx.com:user:motorPWM:1.0 (Rev. 16)) to Vivado generation flows.






Copyright 1986-2019 Xilinx, Inc. All Rights Reserved.
------------------------------------------------------------------------------------
| Tool Version : Vivado v.2019.1 (win64) Build 2552052 Fri May 24 14:49:42 MDT 2019
| Date         : Thu Apr 28 19:05:59 2022
| Host         : LAPTOP-6D15CRP5 running 64-bit major release  (build 9200)
| Command      : upgrade_ip
| Device       : xc7z020clg400-1
------------------------------------------------------------------------------------

Upgrade Log for IP 'ugv_motorPWM_0_2'

1. Summary
----------

SUCCESS in the conversion of ugv_motorPWM_0_2 (xilinx.com:user:motorPWM:1.0 (Rev. 16)) to Vivado generation flows.






Copyright 1986-2019 Xilinx, Inc. All Rights Reserved.
------------------------------------------------------------------------------------
| Tool Version : Vivado v.2019.1 (win64) Build 2552052 Fri May 24 14:49:42 MDT 2019
| Date         : Thu Apr 28 19:05:59 2022
| Host         : LAPTOP-6D15CRP5 running 64-bit major release  (build 9200)
| Command      : upgrade_ip
| Device       : xc7z020clg400-1
------------------------------------------------------------------------------------

Upgrade Log for IP 'ugv_motorPWM_0_1'

1. Summary
----------

SUCCESS in the conversion of ugv_motorPWM_0_1 (xilinx.com:user:motorPWM:1.0 (Rev. 16)) to Vivado generation flows.






Copyright 1986-2019 Xilinx, Inc. All Rights Reserved.
------------------------------------------------------------------------------------
| Tool Version : Vivado v.2019.1 (win64) Build 2552052 Fri May 24 14:49:42 MDT 2019
| Date         : Thu Apr 28 19:05:59 2022
| Host         : LAPTOP-6D15CRP5 running 64-bit major release  (build 9200)
| Command      : upgrade_ip
| Device       : xc7z020clg400-1
------------------------------------------------------------------------------------

Upgrade Log for IP 'ugv_motorPWM_0_0'

1. Summary
----------

SUCCESS in the conversion of ugv_motorPWM_0_0 (xilinx.com:user:motorPWM:1.0 (Rev. 16)) to Vivado generation flows.






Copyright 1986-2019 Xilinx, Inc. All Rights Reserved.
------------------------------------------------------------------------------------
| Tool Version : Vivado v.2019.1 (win64) Build 2552052 Fri May 24 14:49:42 MDT 2019
| Date         : Thu Apr 28 18:18:40 2022
| Host         : LAPTOP-6D15CRP5 running 64-bit major release  (build 9200)
| Command      : upgrade_ip
| Device       : xc7z020clg400-1
------------------------------------------------------------------------------------

Upgrade Log for IP 'ugv_servoz3_0_0'

1. Summary
----------

SUCCESS in the conversion of ugv_servoz3_0_0 (xilinx.com:user:servoz3:1.0 (Rev. 3)) to Vivado generation flows.






Copyright 1986-2019 Xilinx, Inc. All Rights Reserved.
------------------------------------------------------------------------------------
| Tool Version : Vivado v.2019.1 (win64) Build 2552052 Fri May 24 14:49:42 MDT 2019
| Date         : Thu Apr 28 16:49:19 2022
| Host         : LAPTOP-6D15CRP5 running 64-bit major release  (build 9200)
| Command      : upgrade_ip
| Device       : xc7z020clg400-1
------------------------------------------------------------------------------------

Upgrade Log for IP 'ugv_motorEncoder_1_0'

1. Summary
----------

SUCCESS in the conversion of ugv_motorEncoder_1_0 (xilinx.com:user:motorEncoder:1.0 (Rev. 14)) to Vivado generation flows.






Copyright 1986-2019 Xilinx, Inc. All Rights Reserved.
------------------------------------------------------------------------------------
| Tool Version : Vivado v.2019.1 (win64) Build 2552052 Fri May 24 14:49:42 MDT 2019
| Date         : Thu Apr 28 16:49:19 2022
| Host         : LAPTOP-6D15CRP5 running 64-bit major release  (build 9200)
| Command      : upgrade_ip
| Device       : xc7z020clg400-1
------------------------------------------------------------------------------------

Upgrade Log for IP 'ugv_motorEncoder_0_1'

1. Summary
----------

SUCCESS in the conversion of ugv_motorEncoder_0_1 (xilinx.com:user:motorEncoder:1.0 (Rev. 14)) to Vivado generation flows.






Copyright 1986-2019 Xilinx, Inc. All Rights Reserved.
------------------------------------------------------------------------------------
| Tool Version : Vivado v.2019.1 (win64) Build 2552052 Fri May 24 14:49:42 MDT 2019
| Date         : Thu Apr 28 16:49:19 2022
| Host         : LAPTOP-6D15CRP5 running 64-bit major release  (build 9200)
| Command      : upgrade_ip
| Device       : xc7z020clg400-1
------------------------------------------------------------------------------------

Upgrade Log for IP 'ugv_motorEncoder_0_0'

1. Summary
----------

SUCCESS in the conversion of ugv_motorEncoder_0_0 (xilinx.com:user:motorEncoder:1.0 (Rev. 14)) to Vivado generation flows.






Copyright 1986-2019 Xilinx, Inc. All Rights Reserved.
------------------------------------------------------------------------------------
| Tool Version : Vivado v.2019.1 (win64) Build 2552052 Fri May 24 14:49:42 MDT 2019
| Date         : Thu Apr 28 16:43:00 2022
| Host         : LAPTOP-6D15CRP5 running 64-bit major release  (build 9200)
| Command      : upgrade_ip
| Device       : xc7z020clg400-1
------------------------------------------------------------------------------------

Upgrade Log for IP 'ugv_motorEncoder_1_0'

1. Summary
----------

SUCCESS in the conversion of ugv_motorEncoder_1_0 (xilinx.com:user:motorEncoder:1.0 (Rev. 14)) to Vivado generation flows.






Copyright 1986-2019 Xilinx, Inc. All Rights Reserved.
------------------------------------------------------------------------------------
| Tool Version : Vivado v.2019.1 (win64) Build 2552052 Fri May 24 14:49:42 MDT 2019
| Date         : Thu Apr 28 16:43:00 2022
| Host         : LAPTOP-6D15CRP5 running 64-bit major release  (build 9200)
| Command      : upgrade_ip
| Device       : xc7z020clg400-1
------------------------------------------------------------------------------------

Upgrade Log for IP 'ugv_motorEncoder_0_1'

1. Summary
----------

SUCCESS in the conversion of ugv_motorEncoder_0_1 (xilinx.com:user:motorEncoder:1.0 (Rev. 14)) to Vivado generation flows.






Copyright 1986-2019 Xilinx, Inc. All Rights Reserved.
------------------------------------------------------------------------------------
| Tool Version : Vivado v.2019.1 (win64) Build 2552052 Fri May 24 14:49:42 MDT 2019
| Date         : Thu Apr 28 16:43:00 2022
| Host         : LAPTOP-6D15CRP5 running 64-bit major release  (build 9200)
| Command      : upgrade_ip
| Device       : xc7z020clg400-1
------------------------------------------------------------------------------------

Upgrade Log for IP 'ugv_motorEncoder_0_0'

1. Summary
----------

SUCCESS in the conversion of ugv_motorEncoder_0_0 (xilinx.com:user:motorEncoder:1.0 (Rev. 14)) to Vivado generation flows.






Copyright 1986-2019 Xilinx, Inc. All Rights Reserved.
------------------------------------------------------------------------------------
| Tool Version : Vivado v.2019.1 (win64) Build 2552052 Fri May 24 14:49:42 MDT 2019
| Date         : Thu Apr 28 16:39:15 2022
| Host         : LAPTOP-6D15CRP5 running 64-bit major release  (build 9200)
| Command      : upgrade_ip
| Device       : xc7z020clg400-1
------------------------------------------------------------------------------------

Upgrade Log for IP 'ugv_motorEncoder_1_0'

1. Summary
----------

SUCCESS in the conversion of ugv_motorEncoder_1_0 (xilinx.com:user:motorEncoder:1.0 (Rev. 14)) to Vivado generation flows.






Copyright 1986-2019 Xilinx, Inc. All Rights Reserved.
------------------------------------------------------------------------------------
| Tool Version : Vivado v.2019.1 (win64) Build 2552052 Fri May 24 14:49:42 MDT 2019
| Date         : Thu Apr 28 16:39:15 2022
| Host         : LAPTOP-6D15CRP5 running 64-bit major release  (build 9200)
| Command      : upgrade_ip
| Device       : xc7z020clg400-1
------------------------------------------------------------------------------------

Upgrade Log for IP 'ugv_motorEncoder_0_1'

1. Summary
----------

SUCCESS in the conversion of ugv_motorEncoder_0_1 (xilinx.com:user:motorEncoder:1.0 (Rev. 14)) to Vivado generation flows.






Copyright 1986-2019 Xilinx, Inc. All Rights Reserved.
------------------------------------------------------------------------------------
| Tool Version : Vivado v.2019.1 (win64) Build 2552052 Fri May 24 14:49:42 MDT 2019
| Date         : Thu Apr 28 16:39:15 2022
| Host         : LAPTOP-6D15CRP5 running 64-bit major release  (build 9200)
| Command      : upgrade_ip
| Device       : xc7z020clg400-1
------------------------------------------------------------------------------------

Upgrade Log for IP 'ugv_motorEncoder_0_0'

1. Summary
----------

SUCCESS in the conversion of ugv_motorEncoder_0_0 (xilinx.com:user:motorEncoder:1.0 (Rev. 14)) to Vivado generation flows.






Copyright 1986-2019 Xilinx, Inc. All Rights Reserved.
------------------------------------------------------------------------------------
| Tool Version : Vivado v.2019.1 (win64) Build 2552052 Fri May 24 14:49:42 MDT 2019
| Date         : Thu Apr 28 15:28:50 2022
| Host         : LAPTOP-6D15CRP5 running 64-bit major release  (build 9200)
| Command      : upgrade_ip
| Device       : xc7z020clg400-1
------------------------------------------------------------------------------------

Upgrade Log for IP 'ugv_servoz3_0_0'

1. Summary
----------

SUCCESS in the conversion of ugv_servoz3_0_0 (xilinx.com:user:servoz3:1.0 (Rev. 3)) to Vivado generation flows.






Copyright 1986-2019 Xilinx, Inc. All Rights Reserved.
------------------------------------------------------------------------------------
| Tool Version : Vivado v.2019.1 (win64) Build 2552052 Fri May 24 14:49:42 MDT 2019
| Date         : Thu Apr 28 10:13:44 2022
| Host         : LAPTOP-6D15CRP5 running 64-bit major release  (build 9200)
| Command      : upgrade_ip
| Device       : xc7z020clg400-1
------------------------------------------------------------------------------------

Upgrade Log for IP 'ugv_servoz3_0_0'

1. Summary
----------

SUCCESS in the conversion of ugv_servoz3_0_0 (xilinx.com:user:servoz3:1.0 (Rev. 3)) to Vivado generation flows.






Copyright 1986-2019 Xilinx, Inc. All Rights Reserved.
------------------------------------------------------------------------------------
| Tool Version : Vivado v.2019.1 (win64) Build 2552052 Fri May 24 14:49:42 MDT 2019
| Date         : Wed Apr 27 19:27:12 2022
| Host         : LAPTOP-6D15CRP5 running 64-bit major release  (build 9200)
| Command      : upgrade_ip
| Device       : xc7z020clg400-1
------------------------------------------------------------------------------------

Upgrade Log for IP 'ugv_motorPWM_0_2'

1. Summary
----------

SUCCESS in the conversion of ugv_motorPWM_0_2 (xilinx.com:user:motorPWM:1.0 (Rev. 16)) to Vivado generation flows.






Copyright 1986-2019 Xilinx, Inc. All Rights Reserved.
------------------------------------------------------------------------------------
| Tool Version : Vivado v.2019.1 (win64) Build 2552052 Fri May 24 14:49:42 MDT 2019
| Date         : Wed Apr 27 19:27:12 2022
| Host         : LAPTOP-6D15CRP5 running 64-bit major release  (build 9200)
| Command      : upgrade_ip
| Device       : xc7z020clg400-1
------------------------------------------------------------------------------------

Upgrade Log for IP 'ugv_motorPWM_0_1'

1. Summary
----------

SUCCESS in the conversion of ugv_motorPWM_0_1 (xilinx.com:user:motorPWM:1.0 (Rev. 16)) to Vivado generation flows.






Copyright 1986-2019 Xilinx, Inc. All Rights Reserved.
------------------------------------------------------------------------------------
| Tool Version : Vivado v.2019.1 (win64) Build 2552052 Fri May 24 14:49:42 MDT 2019
| Date         : Wed Apr 27 19:27:12 2022
| Host         : LAPTOP-6D15CRP5 running 64-bit major release  (build 9200)
| Command      : upgrade_ip
| Device       : xc7z020clg400-1
------------------------------------------------------------------------------------

Upgrade Log for IP 'ugv_motorPWM_0_0'

1. Summary
----------

SUCCESS in the conversion of ugv_motorPWM_0_0 (xilinx.com:user:motorPWM:1.0 (Rev. 16)) to Vivado generation flows.






Copyright 1986-2019 Xilinx, Inc. All Rights Reserved.
------------------------------------------------------------------------------------
| Tool Version : Vivado v.2019.1 (win64) Build 2552052 Fri May 24 14:49:42 MDT 2019
| Date         : Wed Apr 27 19:05:36 2022
| Host         : LAPTOP-6D15CRP5 running 64-bit major release  (build 9200)
| Command      : upgrade_ip
| Device       : xc7z020clg400-1
------------------------------------------------------------------------------------

Upgrade Log for IP 'ugv_motorPWM_0_2'

1. Summary
----------

SUCCESS in the conversion of ugv_motorPWM_0_2 (xilinx.com:user:motorPWM:1.0 (Rev. 16)) to Vivado generation flows.






Copyright 1986-2019 Xilinx, Inc. All Rights Reserved.
------------------------------------------------------------------------------------
| Tool Version : Vivado v.2019.1 (win64) Build 2552052 Fri May 24 14:49:42 MDT 2019
| Date         : Wed Apr 27 19:05:36 2022
| Host         : LAPTOP-6D15CRP5 running 64-bit major release  (build 9200)
| Command      : upgrade_ip
| Device       : xc7z020clg400-1
------------------------------------------------------------------------------------

Upgrade Log for IP 'ugv_motorPWM_0_1'

1. Summary
----------

SUCCESS in the conversion of ugv_motorPWM_0_1 (xilinx.com:user:motorPWM:1.0 (Rev. 16)) to Vivado generation flows.






Copyright 1986-2019 Xilinx, Inc. All Rights Reserved.
------------------------------------------------------------------------------------
| Tool Version : Vivado v.2019.1 (win64) Build 2552052 Fri May 24 14:49:42 MDT 2019
| Date         : Wed Apr 27 19:05:36 2022
| Host         : LAPTOP-6D15CRP5 running 64-bit major release  (build 9200)
| Command      : upgrade_ip
| Device       : xc7z020clg400-1
------------------------------------------------------------------------------------

Upgrade Log for IP 'ugv_motorPWM_0_0'

1. Summary
----------

SUCCESS in the conversion of ugv_motorPWM_0_0 (xilinx.com:user:motorPWM:1.0 (Rev. 16)) to Vivado generation flows.






Copyright 1986-2019 Xilinx, Inc. All Rights Reserved.
------------------------------------------------------------------------------------
| Tool Version : Vivado v.2019.1 (win64) Build 2552052 Fri May 24 14:49:42 MDT 2019
| Date         : Wed Apr 27 18:58:47 2022
| Host         : LAPTOP-6D15CRP5 running 64-bit major release  (build 9200)
| Command      : upgrade_ip
| Device       : xc7z020clg400-1
------------------------------------------------------------------------------------

Upgrade Log for IP 'ugv_motorPWM_0_2'

1. Summary
----------

SUCCESS in the conversion of ugv_motorPWM_0_2 (xilinx.com:user:motorPWM:1.0 (Rev. 16)) to Vivado generation flows.






Copyright 1986-2019 Xilinx, Inc. All Rights Reserved.
------------------------------------------------------------------------------------
| Tool Version : Vivado v.2019.1 (win64) Build 2552052 Fri May 24 14:49:42 MDT 2019
| Date         : Wed Apr 27 18:58:47 2022
| Host         : LAPTOP-6D15CRP5 running 64-bit major release  (build 9200)
| Command      : upgrade_ip
| Device       : xc7z020clg400-1
------------------------------------------------------------------------------------

Upgrade Log for IP 'ugv_motorPWM_0_1'

1. Summary
----------

SUCCESS in the conversion of ugv_motorPWM_0_1 (xilinx.com:user:motorPWM:1.0 (Rev. 16)) to Vivado generation flows.






Copyright 1986-2019 Xilinx, Inc. All Rights Reserved.
------------------------------------------------------------------------------------
| Tool Version : Vivado v.2019.1 (win64) Build 2552052 Fri May 24 14:49:42 MDT 2019
| Date         : Wed Apr 27 18:58:47 2022
| Host         : LAPTOP-6D15CRP5 running 64-bit major release  (build 9200)
| Command      : upgrade_ip
| Device       : xc7z020clg400-1
------------------------------------------------------------------------------------

Upgrade Log for IP 'ugv_motorPWM_0_0'

1. Summary
----------

SUCCESS in the conversion of ugv_motorPWM_0_0 (xilinx.com:user:motorPWM:1.0 (Rev. 16)) to Vivado generation flows.






Copyright 1986-2019 Xilinx, Inc. All Rights Reserved.
------------------------------------------------------------------------------------
| Tool Version : Vivado v.2019.1 (win64) Build 2552052 Fri May 24 14:49:42 MDT 2019
| Date         : Wed Apr 27 18:29:19 2022
| Host         : LAPTOP-6D15CRP5 running 64-bit major release  (build 9200)
| Command      : upgrade_ip
| Device       : xc7z020clg400-1
------------------------------------------------------------------------------------

Upgrade Log for IP 'ugv_motorEncoder_1_0'

1. Summary
----------

SUCCESS in the upgrade of ugv_motorEncoder_1_0 (xilinx.com:user:motorEncoder:1.0) from (Rev. 15) to (Rev. 14)






Copyright 1986-2019 Xilinx, Inc. All Rights Reserved.
------------------------------------------------------------------------------------
| Tool Version : Vivado v.2019.1 (win64) Build 2552052 Fri May 24 14:49:42 MDT 2019
| Date         : Wed Apr 27 18:29:19 2022
| Host         : LAPTOP-6D15CRP5 running 64-bit major release  (build 9200)
| Command      : upgrade_ip
| Device       : xc7z020clg400-1
------------------------------------------------------------------------------------

Upgrade Log for IP 'ugv_motorEncoder_0_1'

1. Summary
----------

SUCCESS in the upgrade of ugv_motorEncoder_0_1 (xilinx.com:user:motorEncoder:1.0) from (Rev. 15) to (Rev. 14)






Copyright 1986-2019 Xilinx, Inc. All Rights Reserved.
------------------------------------------------------------------------------------
| Tool Version : Vivado v.2019.1 (win64) Build 2552052 Fri May 24 14:49:42 MDT 2019
| Date         : Wed Apr 27 18:29:19 2022
| Host         : LAPTOP-6D15CRP5 running 64-bit major release  (build 9200)
| Command      : upgrade_ip
| Device       : xc7z020clg400-1
------------------------------------------------------------------------------------

Upgrade Log for IP 'ugv_motorEncoder_0_0'

1. Summary
----------

SUCCESS in the upgrade of ugv_motorEncoder_0_0 (xilinx.com:user:motorEncoder:1.0) from (Rev. 15) to (Rev. 14)






Copyright 1986-2019 Xilinx, Inc. All Rights Reserved.
------------------------------------------------------------------------------------
| Tool Version : Vivado v.2019.1 (win64) Build 2552052 Fri May 24 14:49:42 MDT 2019
| Date         : Wed Apr 27 18:19:49 2022
| Host         : LAPTOP-6D15CRP5 running 64-bit major release  (build 9200)
| Command      : upgrade_ip
| Device       : xc7z020clg400-1
------------------------------------------------------------------------------------

Upgrade Log for IP 'ugv_motorEncoder_1_0'

1. Summary
----------

SUCCESS in the conversion of ugv_motorEncoder_1_0 (xilinx.com:user:motorEncoder:1.0 (Rev. 15)) to Vivado generation flows.






Copyright 1986-2019 Xilinx, Inc. All Rights Reserved.
------------------------------------------------------------------------------------
| Tool Version : Vivado v.2019.1 (win64) Build 2552052 Fri May 24 14:49:42 MDT 2019
| Date         : Wed Apr 27 18:19:49 2022
| Host         : LAPTOP-6D15CRP5 running 64-bit major release  (build 9200)
| Command      : upgrade_ip
| Device       : xc7z020clg400-1
------------------------------------------------------------------------------------

Upgrade Log for IP 'ugv_motorEncoder_0_1'

1. Summary
----------

SUCCESS in the conversion of ugv_motorEncoder_0_1 (xilinx.com:user:motorEncoder:1.0 (Rev. 15)) to Vivado generation flows.






Copyright 1986-2019 Xilinx, Inc. All Rights Reserved.
------------------------------------------------------------------------------------
| Tool Version : Vivado v.2019.1 (win64) Build 2552052 Fri May 24 14:49:42 MDT 2019
| Date         : Wed Apr 27 18:19:49 2022
| Host         : LAPTOP-6D15CRP5 running 64-bit major release  (build 9200)
| Command      : upgrade_ip
| Device       : xc7z020clg400-1
------------------------------------------------------------------------------------

Upgrade Log for IP 'ugv_motorEncoder_0_0'

1. Summary
----------

SUCCESS in the conversion of ugv_motorEncoder_0_0 (xilinx.com:user:motorEncoder:1.0 (Rev. 15)) to Vivado generation flows.






Copyright 1986-2019 Xilinx, Inc. All Rights Reserved.
------------------------------------------------------------------------------------
| Tool Version : Vivado v.2019.1 (win64) Build 2552052 Fri May 24 14:49:42 MDT 2019
| Date         : Wed Apr 27 18:11:57 2022
| Host         : LAPTOP-6D15CRP5 running 64-bit major release  (build 9200)
| Command      : upgrade_ip
| Device       : xc7z020clg400-1
------------------------------------------------------------------------------------

Upgrade Log for IP 'ugv_motorEncoder_1_0'

1. Summary
----------

SUCCESS in the conversion of ugv_motorEncoder_1_0 (xilinx.com:user:motorEncoder:1.0 (Rev. 15)) to Vivado generation flows.






Copyright 1986-2019 Xilinx, Inc. All Rights Reserved.
------------------------------------------------------------------------------------
| Tool Version : Vivado v.2019.1 (win64) Build 2552052 Fri May 24 14:49:42 MDT 2019
| Date         : Wed Apr 27 18:11:57 2022
| Host         : LAPTOP-6D15CRP5 running 64-bit major release  (build 9200)
| Command      : upgrade_ip
| Device       : xc7z020clg400-1
------------------------------------------------------------------------------------

Upgrade Log for IP 'ugv_motorEncoder_0_1'

1. Summary
----------

SUCCESS in the conversion of ugv_motorEncoder_0_1 (xilinx.com:user:motorEncoder:1.0 (Rev. 15)) to Vivado generation flows.






Copyright 1986-2019 Xilinx, Inc. All Rights Reserved.
------------------------------------------------------------------------------------
| Tool Version : Vivado v.2019.1 (win64) Build 2552052 Fri May 24 14:49:42 MDT 2019
| Date         : Wed Apr 27 18:11:57 2022
| Host         : LAPTOP-6D15CRP5 running 64-bit major release  (build 9200)
| Command      : upgrade_ip
| Device       : xc7z020clg400-1
------------------------------------------------------------------------------------

Upgrade Log for IP 'ugv_motorEncoder_0_0'

1. Summary
----------

SUCCESS in the conversion of ugv_motorEncoder_0_0 (xilinx.com:user:motorEncoder:1.0 (Rev. 15)) to Vivado generation flows.






Copyright 1986-2019 Xilinx, Inc. All Rights Reserved.
------------------------------------------------------------------------------------
| Tool Version : Vivado v.2019.1 (win64) Build 2552052 Fri May 24 14:49:42 MDT 2019
| Date         : Wed Apr 27 18:11:23 2022
| Host         : LAPTOP-6D15CRP5 running 64-bit major release  (build 9200)
| Command      : upgrade_ip
| Device       : xc7z020clg400-1
------------------------------------------------------------------------------------

Upgrade Log for IP 'ugv_motorEncoder_1_0'

1. Summary
----------

SUCCESS in the conversion of ugv_motorEncoder_1_0 (xilinx.com:user:motorEncoder:1.0 (Rev. 15)) to Vivado generation flows.






Copyright 1986-2019 Xilinx, Inc. All Rights Reserved.
------------------------------------------------------------------------------------
| Tool Version : Vivado v.2019.1 (win64) Build 2552052 Fri May 24 14:49:42 MDT 2019
| Date         : Wed Apr 27 18:11:23 2022
| Host         : LAPTOP-6D15CRP5 running 64-bit major release  (build 9200)
| Command      : upgrade_ip
| Device       : xc7z020clg400-1
------------------------------------------------------------------------------------

Upgrade Log for IP 'ugv_motorEncoder_0_1'

1. Summary
----------

SUCCESS in the conversion of ugv_motorEncoder_0_1 (xilinx.com:user:motorEncoder:1.0 (Rev. 15)) to Vivado generation flows.






Copyright 1986-2019 Xilinx, Inc. All Rights Reserved.
------------------------------------------------------------------------------------
| Tool Version : Vivado v.2019.1 (win64) Build 2552052 Fri May 24 14:49:42 MDT 2019
| Date         : Wed Apr 27 18:11:23 2022
| Host         : LAPTOP-6D15CRP5 running 64-bit major release  (build 9200)
| Command      : upgrade_ip
| Device       : xc7z020clg400-1
------------------------------------------------------------------------------------

Upgrade Log for IP 'ugv_motorEncoder_0_0'

1. Summary
----------

SUCCESS in the conversion of ugv_motorEncoder_0_0 (xilinx.com:user:motorEncoder:1.0 (Rev. 15)) to Vivado generation flows.






Copyright 1986-2019 Xilinx, Inc. All Rights Reserved.
------------------------------------------------------------------------------------
| Tool Version : Vivado v.2019.1 (win64) Build 2552052 Fri May 24 14:49:42 MDT 2019
| Date         : Wed Apr 27 18:08:57 2022
| Host         : LAPTOP-6D15CRP5 running 64-bit major release  (build 9200)
| Command      : upgrade_ip
| Device       : xc7z020clg400-1
------------------------------------------------------------------------------------

Upgrade Log for IP 'ugv_motorEncoder_1_0'

1. Summary
----------

SUCCESS in the conversion of ugv_motorEncoder_1_0 (xilinx.com:user:motorEncoder:1.0 (Rev. 15)) to Vivado generation flows.






Copyright 1986-2019 Xilinx, Inc. All Rights Reserved.
------------------------------------------------------------------------------------
| Tool Version : Vivado v.2019.1 (win64) Build 2552052 Fri May 24 14:49:42 MDT 2019
| Date         : Wed Apr 27 18:08:57 2022
| Host         : LAPTOP-6D15CRP5 running 64-bit major release  (build 9200)
| Command      : upgrade_ip
| Device       : xc7z020clg400-1
------------------------------------------------------------------------------------

Upgrade Log for IP 'ugv_motorEncoder_0_1'

1. Summary
----------

SUCCESS in the conversion of ugv_motorEncoder_0_1 (xilinx.com:user:motorEncoder:1.0 (Rev. 15)) to Vivado generation flows.






Copyright 1986-2019 Xilinx, Inc. All Rights Reserved.
------------------------------------------------------------------------------------
| Tool Version : Vivado v.2019.1 (win64) Build 2552052 Fri May 24 14:49:42 MDT 2019
| Date         : Wed Apr 27 18:08:57 2022
| Host         : LAPTOP-6D15CRP5 running 64-bit major release  (build 9200)
| Command      : upgrade_ip
| Device       : xc7z020clg400-1
------------------------------------------------------------------------------------

Upgrade Log for IP 'ugv_motorEncoder_0_0'

1. Summary
----------

SUCCESS in the conversion of ugv_motorEncoder_0_0 (xilinx.com:user:motorEncoder:1.0 (Rev. 15)) to Vivado generation flows.






Copyright 1986-2019 Xilinx, Inc. All Rights Reserved.
------------------------------------------------------------------------------------
| Tool Version : Vivado v.2019.1 (win64) Build 2552052 Fri May 24 14:49:42 MDT 2019
| Date         : Wed Apr 27 18:04:12 2022
| Host         : LAPTOP-6D15CRP5 running 64-bit major release  (build 9200)
| Command      : upgrade_ip
| Device       : xc7z020clg400-1
------------------------------------------------------------------------------------

Upgrade Log for IP 'ugv_motorEncoder_1_0'

1. Summary
----------

SUCCESS in the conversion of ugv_motorEncoder_1_0 (xilinx.com:user:motorEncoder:1.0 (Rev. 15)) to Vivado generation flows.






Copyright 1986-2019 Xilinx, Inc. All Rights Reserved.
------------------------------------------------------------------------------------
| Tool Version : Vivado v.2019.1 (win64) Build 2552052 Fri May 24 14:49:42 MDT 2019
| Date         : Wed Apr 27 18:04:12 2022
| Host         : LAPTOP-6D15CRP5 running 64-bit major release  (build 9200)
| Command      : upgrade_ip
| Device       : xc7z020clg400-1
------------------------------------------------------------------------------------

Upgrade Log for IP 'ugv_motorEncoder_0_1'

1. Summary
----------

SUCCESS in the conversion of ugv_motorEncoder_0_1 (xilinx.com:user:motorEncoder:1.0 (Rev. 15)) to Vivado generation flows.






Copyright 1986-2019 Xilinx, Inc. All Rights Reserved.
------------------------------------------------------------------------------------
| Tool Version : Vivado v.2019.1 (win64) Build 2552052 Fri May 24 14:49:42 MDT 2019
| Date         : Wed Apr 27 18:04:12 2022
| Host         : LAPTOP-6D15CRP5 running 64-bit major release  (build 9200)
| Command      : upgrade_ip
| Device       : xc7z020clg400-1
------------------------------------------------------------------------------------

Upgrade Log for IP 'ugv_motorEncoder_0_0'

1. Summary
----------

SUCCESS in the conversion of ugv_motorEncoder_0_0 (xilinx.com:user:motorEncoder:1.0 (Rev. 15)) to Vivado generation flows.






Copyright 1986-2019 Xilinx, Inc. All Rights Reserved.
------------------------------------------------------------------------------------
| Tool Version : Vivado v.2019.1 (win64) Build 2552052 Fri May 24 14:49:42 MDT 2019
| Date         : Wed Apr 27 17:59:46 2022
| Host         : LAPTOP-6D15CRP5 running 64-bit major release  (build 9200)
| Command      : upgrade_ip
| Device       : xc7z020clg400-1
------------------------------------------------------------------------------------

Upgrade Log for IP 'ugv_motorEncoder_1_0'

1. Summary
----------

SUCCESS in the upgrade of ugv_motorEncoder_1_0 (xilinx.com:user:motorEncoder:1.0) from (Rev. 14) to (Rev. 15)






Copyright 1986-2019 Xilinx, Inc. All Rights Reserved.
------------------------------------------------------------------------------------
| Tool Version : Vivado v.2019.1 (win64) Build 2552052 Fri May 24 14:49:42 MDT 2019
| Date         : Wed Apr 27 17:59:46 2022
| Host         : LAPTOP-6D15CRP5 running 64-bit major release  (build 9200)
| Command      : upgrade_ip
| Device       : xc7z020clg400-1
------------------------------------------------------------------------------------

Upgrade Log for IP 'ugv_motorEncoder_0_1'

1. Summary
----------

SUCCESS in the upgrade of ugv_motorEncoder_0_1 (xilinx.com:user:motorEncoder:1.0) from (Rev. 14) to (Rev. 15)






Copyright 1986-2019 Xilinx, Inc. All Rights Reserved.
------------------------------------------------------------------------------------
| Tool Version : Vivado v.2019.1 (win64) Build 2552052 Fri May 24 14:49:42 MDT 2019
| Date         : Wed Apr 27 17:59:46 2022
| Host         : LAPTOP-6D15CRP5 running 64-bit major release  (build 9200)
| Command      : upgrade_ip
| Device       : xc7z020clg400-1
------------------------------------------------------------------------------------

Upgrade Log for IP 'ugv_motorEncoder_0_0'

1. Summary
----------

SUCCESS in the upgrade of ugv_motorEncoder_0_0 (xilinx.com:user:motorEncoder:1.0) from (Rev. 14) to (Rev. 15)






Copyright 1986-2019 Xilinx, Inc. All Rights Reserved.
------------------------------------------------------------------------------------
| Tool Version : Vivado v.2019.1 (win64) Build 2552052 Fri May 24 14:49:42 MDT 2019
| Date         : Wed Apr 27 17:59:36 2022
| Host         : LAPTOP-6D15CRP5 running 64-bit major release  (build 9200)
| Command      : upgrade_ip
| Device       : xc7z020clg400-1
------------------------------------------------------------------------------------

Upgrade Log for IP 'ugv_motorEncoder_1_0'

1. Summary
----------

SUCCESS in the conversion of ugv_motorEncoder_1_0 (xilinx.com:user:motorEncoder:1.0 (Rev. 14)) to Vivado generation flows.






Copyright 1986-2019 Xilinx, Inc. All Rights Reserved.
------------------------------------------------------------------------------------
| Tool Version : Vivado v.2019.1 (win64) Build 2552052 Fri May 24 14:49:42 MDT 2019
| Date         : Wed Apr 27 17:59:36 2022
| Host         : LAPTOP-6D15CRP5 running 64-bit major release  (build 9200)
| Command      : upgrade_ip
| Device       : xc7z020clg400-1
------------------------------------------------------------------------------------

Upgrade Log for IP 'ugv_motorEncoder_0_1'

1. Summary
----------

SUCCESS in the conversion of ugv_motorEncoder_0_1 (xilinx.com:user:motorEncoder:1.0 (Rev. 14)) to Vivado generation flows.






Copyright 1986-2019 Xilinx, Inc. All Rights Reserved.
------------------------------------------------------------------------------------
| Tool Version : Vivado v.2019.1 (win64) Build 2552052 Fri May 24 14:49:42 MDT 2019
| Date         : Wed Apr 27 17:59:36 2022
| Host         : LAPTOP-6D15CRP5 running 64-bit major release  (build 9200)
| Command      : upgrade_ip
| Device       : xc7z020clg400-1
------------------------------------------------------------------------------------

Upgrade Log for IP 'ugv_motorEncoder_0_0'

1. Summary
----------

SUCCESS in the conversion of ugv_motorEncoder_0_0 (xilinx.com:user:motorEncoder:1.0 (Rev. 14)) to Vivado generation flows.






Copyright 1986-2019 Xilinx, Inc. All Rights Reserved.
------------------------------------------------------------------------------------
| Tool Version : Vivado v.2019.1 (win64) Build 2552052 Fri May 24 14:49:42 MDT 2019
| Date         : Wed Apr 27 17:25:44 2022
| Host         : LAPTOP-6D15CRP5 running 64-bit major release  (build 9200)
| Command      : upgrade_ip
| Device       : xc7z020clg400-1
------------------------------------------------------------------------------------

Upgrade Log for IP 'ugv_motorEncoder_1_0'

1. Summary
----------

SUCCESS in the conversion of ugv_motorEncoder_1_0 (xilinx.com:user:motorEncoder:1.0 (Rev. 14)) to Vivado generation flows.






Copyright 1986-2019 Xilinx, Inc. All Rights Reserved.
------------------------------------------------------------------------------------
| Tool Version : Vivado v.2019.1 (win64) Build 2552052 Fri May 24 14:49:42 MDT 2019
| Date         : Wed Apr 27 17:25:44 2022
| Host         : LAPTOP-6D15CRP5 running 64-bit major release  (build 9200)
| Command      : upgrade_ip
| Device       : xc7z020clg400-1
------------------------------------------------------------------------------------

Upgrade Log for IP 'ugv_motorEncoder_0_1'

1. Summary
----------

SUCCESS in the conversion of ugv_motorEncoder_0_1 (xilinx.com:user:motorEncoder:1.0 (Rev. 14)) to Vivado generation flows.






Copyright 1986-2019 Xilinx, Inc. All Rights Reserved.
------------------------------------------------------------------------------------
| Tool Version : Vivado v.2019.1 (win64) Build 2552052 Fri May 24 14:49:42 MDT 2019
| Date         : Wed Apr 27 17:25:44 2022
| Host         : LAPTOP-6D15CRP5 running 64-bit major release  (build 9200)
| Command      : upgrade_ip
| Device       : xc7z020clg400-1
------------------------------------------------------------------------------------

Upgrade Log for IP 'ugv_motorEncoder_0_0'

1. Summary
----------

SUCCESS in the conversion of ugv_motorEncoder_0_0 (xilinx.com:user:motorEncoder:1.0 (Rev. 14)) to Vivado generation flows.






Copyright 1986-2019 Xilinx, Inc. All Rights Reserved.
------------------------------------------------------------------------------------
| Tool Version : Vivado v.2019.1 (win64) Build 2552052 Fri May 24 14:49:42 MDT 2019
| Date         : Wed Apr 27 15:39:36 2022
| Host         : LAPTOP-6D15CRP5 running 64-bit major release  (build 9200)
| Command      : upgrade_ip
| Device       : xc7z020clg400-1
------------------------------------------------------------------------------------

Upgrade Log for IP 'ugv_motorEncoder_1_0'

1. Summary
----------

SUCCESS in the conversion of ugv_motorEncoder_1_0 (xilinx.com:user:motorEncoder:1.0 (Rev. 14)) to Vivado generation flows.






Copyright 1986-2019 Xilinx, Inc. All Rights Reserved.
------------------------------------------------------------------------------------
| Tool Version : Vivado v.2019.1 (win64) Build 2552052 Fri May 24 14:49:42 MDT 2019
| Date         : Wed Apr 27 15:39:36 2022
| Host         : LAPTOP-6D15CRP5 running 64-bit major release  (build 9200)
| Command      : upgrade_ip
| Device       : xc7z020clg400-1
------------------------------------------------------------------------------------

Upgrade Log for IP 'ugv_motorEncoder_0_1'

1. Summary
----------

SUCCESS in the conversion of ugv_motorEncoder_0_1 (xilinx.com:user:motorEncoder:1.0 (Rev. 14)) to Vivado generation flows.






Copyright 1986-2019 Xilinx, Inc. All Rights Reserved.
------------------------------------------------------------------------------------
| Tool Version : Vivado v.2019.1 (win64) Build 2552052 Fri May 24 14:49:42 MDT 2019
| Date         : Wed Apr 27 15:39:36 2022
| Host         : LAPTOP-6D15CRP5 running 64-bit major release  (build 9200)
| Command      : upgrade_ip
| Device       : xc7z020clg400-1
------------------------------------------------------------------------------------

Upgrade Log for IP 'ugv_motorEncoder_0_0'

1. Summary
----------

SUCCESS in the conversion of ugv_motorEncoder_0_0 (xilinx.com:user:motorEncoder:1.0 (Rev. 14)) to Vivado generation flows.






Copyright 1986-2019 Xilinx, Inc. All Rights Reserved.
------------------------------------------------------------------------------------
| Tool Version : Vivado v.2019.1 (win64) Build 2552052 Fri May 24 14:49:42 MDT 2019
| Date         : Wed Apr 27 15:33:28 2022
| Host         : LAPTOP-6D15CRP5 running 64-bit major release  (build 9200)
| Command      : upgrade_ip
| Device       : xc7z020clg400-1
------------------------------------------------------------------------------------

Upgrade Log for IP 'ugv_motorEncoder_1_0'

1. Summary
----------

SUCCESS in the conversion of ugv_motorEncoder_1_0 (xilinx.com:user:motorEncoder:1.0 (Rev. 14)) to Vivado generation flows.






Copyright 1986-2019 Xilinx, Inc. All Rights Reserved.
------------------------------------------------------------------------------------
| Tool Version : Vivado v.2019.1 (win64) Build 2552052 Fri May 24 14:49:42 MDT 2019
| Date         : Wed Apr 27 15:33:28 2022
| Host         : LAPTOP-6D15CRP5 running 64-bit major release  (build 9200)
| Command      : upgrade_ip
| Device       : xc7z020clg400-1
------------------------------------------------------------------------------------

Upgrade Log for IP 'ugv_motorEncoder_0_1'

1. Summary
----------

SUCCESS in the conversion of ugv_motorEncoder_0_1 (xilinx.com:user:motorEncoder:1.0 (Rev. 14)) to Vivado generation flows.






Copyright 1986-2019 Xilinx, Inc. All Rights Reserved.
------------------------------------------------------------------------------------
| Tool Version : Vivado v.2019.1 (win64) Build 2552052 Fri May 24 14:49:42 MDT 2019
| Date         : Wed Apr 27 15:33:28 2022
| Host         : LAPTOP-6D15CRP5 running 64-bit major release  (build 9200)
| Command      : upgrade_ip
| Device       : xc7z020clg400-1
------------------------------------------------------------------------------------

Upgrade Log for IP 'ugv_motorEncoder_0_0'

1. Summary
----------

SUCCESS in the conversion of ugv_motorEncoder_0_0 (xilinx.com:user:motorEncoder:1.0 (Rev. 14)) to Vivado generation flows.






Copyright 1986-2019 Xilinx, Inc. All Rights Reserved.
------------------------------------------------------------------------------------
| Tool Version : Vivado v.2019.1 (win64) Build 2552052 Fri May 24 14:49:42 MDT 2019
| Date         : Wed Apr 27 15:19:49 2022
| Host         : LAPTOP-6D15CRP5 running 64-bit major release  (build 9200)
| Command      : upgrade_ip
| Device       : xc7z020clg400-1
------------------------------------------------------------------------------------

Upgrade Log for IP 'ugv_motorEncoder_1_0'

1. Summary
----------

SUCCESS in the conversion of ugv_motorEncoder_1_0 (xilinx.com:user:motorEncoder:1.0 (Rev. 14)) to Vivado generation flows.






Copyright 1986-2019 Xilinx, Inc. All Rights Reserved.
------------------------------------------------------------------------------------
| Tool Version : Vivado v.2019.1 (win64) Build 2552052 Fri May 24 14:49:42 MDT 2019
| Date         : Wed Apr 27 15:19:49 2022
| Host         : LAPTOP-6D15CRP5 running 64-bit major release  (build 9200)
| Command      : upgrade_ip
| Device       : xc7z020clg400-1
------------------------------------------------------------------------------------

Upgrade Log for IP 'ugv_motorEncoder_0_1'

1. Summary
----------

SUCCESS in the conversion of ugv_motorEncoder_0_1 (xilinx.com:user:motorEncoder:1.0 (Rev. 14)) to Vivado generation flows.






Copyright 1986-2019 Xilinx, Inc. All Rights Reserved.
------------------------------------------------------------------------------------
| Tool Version : Vivado v.2019.1 (win64) Build 2552052 Fri May 24 14:49:42 MDT 2019
| Date         : Wed Apr 27 15:19:49 2022
| Host         : LAPTOP-6D15CRP5 running 64-bit major release  (build 9200)
| Command      : upgrade_ip
| Device       : xc7z020clg400-1
------------------------------------------------------------------------------------

Upgrade Log for IP 'ugv_motorEncoder_0_0'

1. Summary
----------

SUCCESS in the conversion of ugv_motorEncoder_0_0 (xilinx.com:user:motorEncoder:1.0 (Rev. 14)) to Vivado generation flows.






Copyright 1986-2019 Xilinx, Inc. All Rights Reserved.
------------------------------------------------------------------------------------
| Tool Version : Vivado v.2019.1 (win64) Build 2552052 Fri May 24 14:49:42 MDT 2019
| Date         : Wed Apr 27 15:13:25 2022
| Host         : LAPTOP-6D15CRP5 running 64-bit major release  (build 9200)
| Command      : upgrade_ip
| Device       : xc7z020clg400-1
------------------------------------------------------------------------------------

Upgrade Log for IP 'ugv_motorEncoder_1_0'

1. Summary
----------

SUCCESS in the conversion of ugv_motorEncoder_1_0 (xilinx.com:user:motorEncoder:1.0 (Rev. 14)) to Vivado generation flows.






Copyright 1986-2019 Xilinx, Inc. All Rights Reserved.
------------------------------------------------------------------------------------
| Tool Version : Vivado v.2019.1 (win64) Build 2552052 Fri May 24 14:49:42 MDT 2019
| Date         : Wed Apr 27 15:13:25 2022
| Host         : LAPTOP-6D15CRP5 running 64-bit major release  (build 9200)
| Command      : upgrade_ip
| Device       : xc7z020clg400-1
------------------------------------------------------------------------------------

Upgrade Log for IP 'ugv_motorEncoder_0_1'

1. Summary
----------

SUCCESS in the conversion of ugv_motorEncoder_0_1 (xilinx.com:user:motorEncoder:1.0 (Rev. 14)) to Vivado generation flows.






Copyright 1986-2019 Xilinx, Inc. All Rights Reserved.
------------------------------------------------------------------------------------
| Tool Version : Vivado v.2019.1 (win64) Build 2552052 Fri May 24 14:49:42 MDT 2019
| Date         : Wed Apr 27 15:13:25 2022
| Host         : LAPTOP-6D15CRP5 running 64-bit major release  (build 9200)
| Command      : upgrade_ip
| Device       : xc7z020clg400-1
------------------------------------------------------------------------------------

Upgrade Log for IP 'ugv_motorEncoder_0_0'

1. Summary
----------

SUCCESS in the conversion of ugv_motorEncoder_0_0 (xilinx.com:user:motorEncoder:1.0 (Rev. 14)) to Vivado generation flows.






Copyright 1986-2019 Xilinx, Inc. All Rights Reserved.
------------------------------------------------------------------------------------
| Tool Version : Vivado v.2019.1 (win64) Build 2552052 Fri May 24 14:49:42 MDT 2019
| Date         : Wed Apr 27 15:05:32 2022
| Host         : LAPTOP-6D15CRP5 running 64-bit major release  (build 9200)
| Command      : upgrade_ip
| Device       : xc7z020clg400-1
------------------------------------------------------------------------------------

Upgrade Log for IP 'ugv_motorEncoder_1_0'

1. Summary
----------

SUCCESS in the conversion of ugv_motorEncoder_1_0 (xilinx.com:user:motorEncoder:1.0 (Rev. 14)) to Vivado generation flows.






Copyright 1986-2019 Xilinx, Inc. All Rights Reserved.
------------------------------------------------------------------------------------
| Tool Version : Vivado v.2019.1 (win64) Build 2552052 Fri May 24 14:49:42 MDT 2019
| Date         : Wed Apr 27 15:05:32 2022
| Host         : LAPTOP-6D15CRP5 running 64-bit major release  (build 9200)
| Command      : upgrade_ip
| Device       : xc7z020clg400-1
------------------------------------------------------------------------------------

Upgrade Log for IP 'ugv_motorEncoder_0_1'

1. Summary
----------

SUCCESS in the conversion of ugv_motorEncoder_0_1 (xilinx.com:user:motorEncoder:1.0 (Rev. 14)) to Vivado generation flows.






Copyright 1986-2019 Xilinx, Inc. All Rights Reserved.
------------------------------------------------------------------------------------
| Tool Version : Vivado v.2019.1 (win64) Build 2552052 Fri May 24 14:49:42 MDT 2019
| Date         : Wed Apr 27 15:05:32 2022
| Host         : LAPTOP-6D15CRP5 running 64-bit major release  (build 9200)
| Command      : upgrade_ip
| Device       : xc7z020clg400-1
------------------------------------------------------------------------------------

Upgrade Log for IP 'ugv_motorEncoder_0_0'

1. Summary
----------

SUCCESS in the conversion of ugv_motorEncoder_0_0 (xilinx.com:user:motorEncoder:1.0 (Rev. 14)) to Vivado generation flows.






Copyright 1986-2019 Xilinx, Inc. All Rights Reserved.
------------------------------------------------------------------------------------
| Tool Version : Vivado v.2019.1 (win64) Build 2552052 Fri May 24 14:49:42 MDT 2019
| Date         : Wed Apr 27 15:04:36 2022
| Host         : LAPTOP-6D15CRP5 running 64-bit major release  (build 9200)
| Command      : upgrade_ip
| Device       : xc7z020clg400-1
------------------------------------------------------------------------------------

Upgrade Log for IP 'ugv_motorEncoder_1_0'

1. Summary
----------

SUCCESS in the conversion of ugv_motorEncoder_1_0 (xilinx.com:user:motorEncoder:1.0 (Rev. 14)) to Vivado generation flows.






Copyright 1986-2019 Xilinx, Inc. All Rights Reserved.
------------------------------------------------------------------------------------
| Tool Version : Vivado v.2019.1 (win64) Build 2552052 Fri May 24 14:49:42 MDT 2019
| Date         : Wed Apr 27 15:04:36 2022
| Host         : LAPTOP-6D15CRP5 running 64-bit major release  (build 9200)
| Command      : upgrade_ip
| Device       : xc7z020clg400-1
------------------------------------------------------------------------------------

Upgrade Log for IP 'ugv_motorEncoder_0_1'

1. Summary
----------

SUCCESS in the conversion of ugv_motorEncoder_0_1 (xilinx.com:user:motorEncoder:1.0 (Rev. 14)) to Vivado generation flows.






Copyright 1986-2019 Xilinx, Inc. All Rights Reserved.
------------------------------------------------------------------------------------
| Tool Version : Vivado v.2019.1 (win64) Build 2552052 Fri May 24 14:49:42 MDT 2019
| Date         : Wed Apr 27 15:04:36 2022
| Host         : LAPTOP-6D15CRP5 running 64-bit major release  (build 9200)
| Command      : upgrade_ip
| Device       : xc7z020clg400-1
------------------------------------------------------------------------------------

Upgrade Log for IP 'ugv_motorEncoder_0_0'

1. Summary
----------

SUCCESS in the conversion of ugv_motorEncoder_0_0 (xilinx.com:user:motorEncoder:1.0 (Rev. 14)) to Vivado generation flows.






Copyright 1986-2019 Xilinx, Inc. All Rights Reserved.
------------------------------------------------------------------------------------
| Tool Version : Vivado v.2019.1 (win64) Build 2552052 Fri May 24 14:49:42 MDT 2019
| Date         : Wed Apr 27 14:56:36 2022
| Host         : LAPTOP-6D15CRP5 running 64-bit major release  (build 9200)
| Command      : upgrade_ip
| Device       : xc7z020clg400-1
------------------------------------------------------------------------------------

Upgrade Log for IP 'ugv_motorEncoder_1_0'

1. Summary
----------

SUCCESS in the conversion of ugv_motorEncoder_1_0 (xilinx.com:user:motorEncoder:1.0 (Rev. 14)) to Vivado generation flows.






Copyright 1986-2019 Xilinx, Inc. All Rights Reserved.
------------------------------------------------------------------------------------
| Tool Version : Vivado v.2019.1 (win64) Build 2552052 Fri May 24 14:49:42 MDT 2019
| Date         : Wed Apr 27 14:56:36 2022
| Host         : LAPTOP-6D15CRP5 running 64-bit major release  (build 9200)
| Command      : upgrade_ip
| Device       : xc7z020clg400-1
------------------------------------------------------------------------------------

Upgrade Log for IP 'ugv_motorEncoder_0_1'

1. Summary
----------

SUCCESS in the conversion of ugv_motorEncoder_0_1 (xilinx.com:user:motorEncoder:1.0 (Rev. 14)) to Vivado generation flows.






Copyright 1986-2019 Xilinx, Inc. All Rights Reserved.
------------------------------------------------------------------------------------
| Tool Version : Vivado v.2019.1 (win64) Build 2552052 Fri May 24 14:49:42 MDT 2019
| Date         : Wed Apr 27 14:56:36 2022
| Host         : LAPTOP-6D15CRP5 running 64-bit major release  (build 9200)
| Command      : upgrade_ip
| Device       : xc7z020clg400-1
------------------------------------------------------------------------------------

Upgrade Log for IP 'ugv_motorEncoder_0_0'

1. Summary
----------

SUCCESS in the conversion of ugv_motorEncoder_0_0 (xilinx.com:user:motorEncoder:1.0 (Rev. 14)) to Vivado generation flows.






Copyright 1986-2019 Xilinx, Inc. All Rights Reserved.
------------------------------------------------------------------------------------
| Tool Version : Vivado v.2019.1 (win64) Build 2552052 Fri May 24 14:49:42 MDT 2019
| Date         : Wed Apr 27 14:41:09 2022
| Host         : LAPTOP-6D15CRP5 running 64-bit major release  (build 9200)
| Command      : upgrade_ip
| Device       : xc7z020clg400-1
------------------------------------------------------------------------------------

Upgrade Log for IP 'ugv_motorEncoder_1_0'

1. Summary
----------

SUCCESS in the conversion of ugv_motorEncoder_1_0 (xilinx.com:user:motorEncoder:1.0 (Rev. 14)) to Vivado generation flows.






Copyright 1986-2019 Xilinx, Inc. All Rights Reserved.
------------------------------------------------------------------------------------
| Tool Version : Vivado v.2019.1 (win64) Build 2552052 Fri May 24 14:49:42 MDT 2019
| Date         : Wed Apr 27 14:41:09 2022
| Host         : LAPTOP-6D15CRP5 running 64-bit major release  (build 9200)
| Command      : upgrade_ip
| Device       : xc7z020clg400-1
------------------------------------------------------------------------------------

Upgrade Log for IP 'ugv_motorEncoder_0_1'

1. Summary
----------

SUCCESS in the conversion of ugv_motorEncoder_0_1 (xilinx.com:user:motorEncoder:1.0 (Rev. 14)) to Vivado generation flows.






Copyright 1986-2019 Xilinx, Inc. All Rights Reserved.
------------------------------------------------------------------------------------
| Tool Version : Vivado v.2019.1 (win64) Build 2552052 Fri May 24 14:49:42 MDT 2019
| Date         : Wed Apr 27 14:41:09 2022
| Host         : LAPTOP-6D15CRP5 running 64-bit major release  (build 9200)
| Command      : upgrade_ip
| Device       : xc7z020clg400-1
------------------------------------------------------------------------------------

Upgrade Log for IP 'ugv_motorEncoder_0_0'

1. Summary
----------

SUCCESS in the conversion of ugv_motorEncoder_0_0 (xilinx.com:user:motorEncoder:1.0 (Rev. 14)) to Vivado generation flows.






Copyright 1986-2019 Xilinx, Inc. All Rights Reserved.
------------------------------------------------------------------------------------
| Tool Version : Vivado v.2019.1 (win64) Build 2552052 Fri May 24 14:49:42 MDT 2019
| Date         : Wed Apr 27 14:37:26 2022
| Host         : LAPTOP-6D15CRP5 running 64-bit major release  (build 9200)
| Command      : upgrade_ip
| Device       : xc7z020clg400-1
------------------------------------------------------------------------------------

Upgrade Log for IP 'ugv_motorEncoder_1_0'

1. Summary
----------

SUCCESS in the conversion of ugv_motorEncoder_1_0 (xilinx.com:user:motorEncoder:1.0 (Rev. 14)) to Vivado generation flows.






Copyright 1986-2019 Xilinx, Inc. All Rights Reserved.
------------------------------------------------------------------------------------
| Tool Version : Vivado v.2019.1 (win64) Build 2552052 Fri May 24 14:49:42 MDT 2019
| Date         : Wed Apr 27 14:37:26 2022
| Host         : LAPTOP-6D15CRP5 running 64-bit major release  (build 9200)
| Command      : upgrade_ip
| Device       : xc7z020clg400-1
------------------------------------------------------------------------------------

Upgrade Log for IP 'ugv_motorEncoder_0_1'

1. Summary
----------

SUCCESS in the conversion of ugv_motorEncoder_0_1 (xilinx.com:user:motorEncoder:1.0 (Rev. 14)) to Vivado generation flows.






Copyright 1986-2019 Xilinx, Inc. All Rights Reserved.
------------------------------------------------------------------------------------
| Tool Version : Vivado v.2019.1 (win64) Build 2552052 Fri May 24 14:49:42 MDT 2019
| Date         : Wed Apr 27 14:37:26 2022
| Host         : LAPTOP-6D15CRP5 running 64-bit major release  (build 9200)
| Command      : upgrade_ip
| Device       : xc7z020clg400-1
------------------------------------------------------------------------------------

Upgrade Log for IP 'ugv_motorEncoder_0_0'

1. Summary
----------

SUCCESS in the conversion of ugv_motorEncoder_0_0 (xilinx.com:user:motorEncoder:1.0 (Rev. 14)) to Vivado generation flows.






Copyright 1986-2019 Xilinx, Inc. All Rights Reserved.
------------------------------------------------------------------------------------
| Tool Version : Vivado v.2019.1 (win64) Build 2552052 Fri May 24 14:49:42 MDT 2019
| Date         : Wed Apr 27 14:36:37 2022
| Host         : LAPTOP-6D15CRP5 running 64-bit major release  (build 9200)
| Command      : upgrade_ip
| Device       : xc7z020clg400-1
------------------------------------------------------------------------------------

Upgrade Log for IP 'ugv_motorEncoder_1_0'

1. Summary
----------

SUCCESS in the conversion of ugv_motorEncoder_1_0 (xilinx.com:user:motorEncoder:1.0 (Rev. 14)) to Vivado generation flows.






Copyright 1986-2019 Xilinx, Inc. All Rights Reserved.
------------------------------------------------------------------------------------
| Tool Version : Vivado v.2019.1 (win64) Build 2552052 Fri May 24 14:49:42 MDT 2019
| Date         : Wed Apr 27 14:36:37 2022
| Host         : LAPTOP-6D15CRP5 running 64-bit major release  (build 9200)
| Command      : upgrade_ip
| Device       : xc7z020clg400-1
------------------------------------------------------------------------------------

Upgrade Log for IP 'ugv_motorEncoder_0_1'

1. Summary
----------

SUCCESS in the conversion of ugv_motorEncoder_0_1 (xilinx.com:user:motorEncoder:1.0 (Rev. 14)) to Vivado generation flows.






Copyright 1986-2019 Xilinx, Inc. All Rights Reserved.
------------------------------------------------------------------------------------
| Tool Version : Vivado v.2019.1 (win64) Build 2552052 Fri May 24 14:49:42 MDT 2019
| Date         : Wed Apr 27 14:36:37 2022
| Host         : LAPTOP-6D15CRP5 running 64-bit major release  (build 9200)
| Command      : upgrade_ip
| Device       : xc7z020clg400-1
------------------------------------------------------------------------------------

Upgrade Log for IP 'ugv_motorEncoder_0_0'

1. Summary
----------

SUCCESS in the conversion of ugv_motorEncoder_0_0 (xilinx.com:user:motorEncoder:1.0 (Rev. 14)) to Vivado generation flows.






Copyright 1986-2019 Xilinx, Inc. All Rights Reserved.
------------------------------------------------------------------------------------
| Tool Version : Vivado v.2019.1 (win64) Build 2552052 Fri May 24 14:49:42 MDT 2019
| Date         : Sun Apr 24 09:30:31 2022
| Host         : LAPTOP-6D15CRP5 running 64-bit major release  (build 9200)
| Command      : upgrade_ip
| Device       : xc7z020clg400-1
------------------------------------------------------------------------------------

Upgrade Log for IP 'ugv_servoz3_0_0'

1. Summary
----------

SUCCESS in the conversion of ugv_servoz3_0_0 (xilinx.com:user:servoz3:1.0 (Rev. 3)) to Vivado generation flows.






Copyright 1986-2019 Xilinx, Inc. All Rights Reserved.
------------------------------------------------------------------------------------
| Tool Version : Vivado v.2019.1 (win64) Build 2552052 Fri May 24 14:49:42 MDT 2019
| Date         : Sat Apr 23 22:24:18 2022
| Host         : LAPTOP-6D15CRP5 running 64-bit major release  (build 9200)
| Command      : upgrade_ip
| Device       : xc7z020clg400-1
------------------------------------------------------------------------------------

Upgrade Log for IP 'ugv_servoz3_0_0'

1. Summary
----------

SUCCESS in the conversion of ugv_servoz3_0_0 (xilinx.com:user:servoz3:1.0 (Rev. 3)) to Vivado generation flows.






Copyright 1986-2019 Xilinx, Inc. All Rights Reserved.
------------------------------------------------------------------------------------
| Tool Version : Vivado v.2019.1 (win64) Build 2552052 Fri May 24 14:49:42 MDT 2019
| Date         : Fri Apr 22 13:08:52 2022
| Host         : LAPTOP-6D15CRP5 running 64-bit major release  (build 9200)
| Command      : upgrade_ip
| Device       : xc7z020clg400-1
------------------------------------------------------------------------------------

Upgrade Log for IP 'ugv_motorEncoder_1_0'

1. Summary
----------

SUCCESS in the conversion of ugv_motorEncoder_1_0 (xilinx.com:user:motorEncoder:1.0 (Rev. 14)) to Vivado generation flows.






Copyright 1986-2019 Xilinx, Inc. All Rights Reserved.
------------------------------------------------------------------------------------
| Tool Version : Vivado v.2019.1 (win64) Build 2552052 Fri May 24 14:49:42 MDT 2019
| Date         : Fri Apr 22 13:08:52 2022
| Host         : LAPTOP-6D15CRP5 running 64-bit major release  (build 9200)
| Command      : upgrade_ip
| Device       : xc7z020clg400-1
------------------------------------------------------------------------------------

Upgrade Log for IP 'ugv_motorEncoder_0_1'

1. Summary
----------

SUCCESS in the conversion of ugv_motorEncoder_0_1 (xilinx.com:user:motorEncoder:1.0 (Rev. 14)) to Vivado generation flows.






Copyright 1986-2019 Xilinx, Inc. All Rights Reserved.
------------------------------------------------------------------------------------
| Tool Version : Vivado v.2019.1 (win64) Build 2552052 Fri May 24 14:49:42 MDT 2019
| Date         : Fri Apr 22 13:08:52 2022
| Host         : LAPTOP-6D15CRP5 running 64-bit major release  (build 9200)
| Command      : upgrade_ip
| Device       : xc7z020clg400-1
------------------------------------------------------------------------------------

Upgrade Log for IP 'ugv_motorEncoder_0_0'

1. Summary
----------

SUCCESS in the conversion of ugv_motorEncoder_0_0 (xilinx.com:user:motorEncoder:1.0 (Rev. 14)) to Vivado generation flows.






Copyright 1986-2019 Xilinx, Inc. All Rights Reserved.
------------------------------------------------------------------------------------
| Tool Version : Vivado v.2019.1 (win64) Build 2552052 Fri May 24 14:49:42 MDT 2019
| Date         : Fri Apr 22 13:06:15 2022
| Host         : LAPTOP-6D15CRP5 running 64-bit major release  (build 9200)
| Command      : upgrade_ip
| Device       : xc7z020clg400-1
------------------------------------------------------------------------------------

Upgrade Log for IP 'ugv_motorEncoder_1_0'

1. Summary
----------

SUCCESS in the conversion of ugv_motorEncoder_1_0 (xilinx.com:user:motorEncoder:1.0 (Rev. 14)) to Vivado generation flows.






Copyright 1986-2019 Xilinx, Inc. All Rights Reserved.
------------------------------------------------------------------------------------
| Tool Version : Vivado v.2019.1 (win64) Build 2552052 Fri May 24 14:49:42 MDT 2019
| Date         : Fri Apr 22 13:06:15 2022
| Host         : LAPTOP-6D15CRP5 running 64-bit major release  (build 9200)
| Command      : upgrade_ip
| Device       : xc7z020clg400-1
------------------------------------------------------------------------------------

Upgrade Log for IP 'ugv_motorEncoder_0_1'

1. Summary
----------

SUCCESS in the conversion of ugv_motorEncoder_0_1 (xilinx.com:user:motorEncoder:1.0 (Rev. 14)) to Vivado generation flows.






Copyright 1986-2019 Xilinx, Inc. All Rights Reserved.
------------------------------------------------------------------------------------
| Tool Version : Vivado v.2019.1 (win64) Build 2552052 Fri May 24 14:49:42 MDT 2019
| Date         : Fri Apr 22 13:06:15 2022
| Host         : LAPTOP-6D15CRP5 running 64-bit major release  (build 9200)
| Command      : upgrade_ip
| Device       : xc7z020clg400-1
------------------------------------------------------------------------------------

Upgrade Log for IP 'ugv_motorEncoder_0_0'

1. Summary
----------

SUCCESS in the conversion of ugv_motorEncoder_0_0 (xilinx.com:user:motorEncoder:1.0 (Rev. 14)) to Vivado generation flows.






Copyright 1986-2019 Xilinx, Inc. All Rights Reserved.
------------------------------------------------------------------------------------
| Tool Version : Vivado v.2019.1 (win64) Build 2552052 Fri May 24 14:49:42 MDT 2019
| Date         : Fri Apr 22 12:52:16 2022
| Host         : LAPTOP-6D15CRP5 running 64-bit major release  (build 9200)
| Command      : upgrade_ip
| Device       : xc7z020clg400-1
------------------------------------------------------------------------------------

Upgrade Log for IP 'ugv_motorEncoder_1_0'

1. Summary
----------

SUCCESS in the conversion of ugv_motorEncoder_1_0 (xilinx.com:user:motorEncoder:1.0 (Rev. 14)) to Vivado generation flows.






Copyright 1986-2019 Xilinx, Inc. All Rights Reserved.
------------------------------------------------------------------------------------
| Tool Version : Vivado v.2019.1 (win64) Build 2552052 Fri May 24 14:49:42 MDT 2019
| Date         : Fri Apr 22 12:52:16 2022
| Host         : LAPTOP-6D15CRP5 running 64-bit major release  (build 9200)
| Command      : upgrade_ip
| Device       : xc7z020clg400-1
------------------------------------------------------------------------------------

Upgrade Log for IP 'ugv_motorEncoder_0_1'

1. Summary
----------

SUCCESS in the conversion of ugv_motorEncoder_0_1 (xilinx.com:user:motorEncoder:1.0 (Rev. 14)) to Vivado generation flows.






Copyright 1986-2019 Xilinx, Inc. All Rights Reserved.
------------------------------------------------------------------------------------
| Tool Version : Vivado v.2019.1 (win64) Build 2552052 Fri May 24 14:49:42 MDT 2019
| Date         : Fri Apr 22 12:52:16 2022
| Host         : LAPTOP-6D15CRP5 running 64-bit major release  (build 9200)
| Command      : upgrade_ip
| Device       : xc7z020clg400-1
------------------------------------------------------------------------------------

Upgrade Log for IP 'ugv_motorEncoder_0_0'

1. Summary
----------

SUCCESS in the conversion of ugv_motorEncoder_0_0 (xilinx.com:user:motorEncoder:1.0 (Rev. 14)) to Vivado generation flows.






Copyright 1986-2019 Xilinx, Inc. All Rights Reserved.
------------------------------------------------------------------------------------
| Tool Version : Vivado v.2019.1 (win64) Build 2552052 Fri May 24 14:49:42 MDT 2019
| Date         : Thu Apr 21 15:42:04 2022
| Host         : LAPTOP-6D15CRP5 running 64-bit major release  (build 9200)
| Command      : upgrade_ip
| Device       : xc7z020clg400-1
------------------------------------------------------------------------------------

Upgrade Log for IP 'ugv_motorEncoder_1_0'

1. Summary
----------

SUCCESS in the conversion of ugv_motorEncoder_1_0 (xilinx.com:user:motorEncoder:1.0 (Rev. 14)) to Vivado generation flows.






Copyright 1986-2019 Xilinx, Inc. All Rights Reserved.
------------------------------------------------------------------------------------
| Tool Version : Vivado v.2019.1 (win64) Build 2552052 Fri May 24 14:49:42 MDT 2019
| Date         : Thu Apr 21 15:42:04 2022
| Host         : LAPTOP-6D15CRP5 running 64-bit major release  (build 9200)
| Command      : upgrade_ip
| Device       : xc7z020clg400-1
------------------------------------------------------------------------------------

Upgrade Log for IP 'ugv_motorEncoder_0_1'

1. Summary
----------

SUCCESS in the conversion of ugv_motorEncoder_0_1 (xilinx.com:user:motorEncoder:1.0 (Rev. 14)) to Vivado generation flows.






Copyright 1986-2019 Xilinx, Inc. All Rights Reserved.
------------------------------------------------------------------------------------
| Tool Version : Vivado v.2019.1 (win64) Build 2552052 Fri May 24 14:49:42 MDT 2019
| Date         : Thu Apr 21 15:42:04 2022
| Host         : LAPTOP-6D15CRP5 running 64-bit major release  (build 9200)
| Command      : upgrade_ip
| Device       : xc7z020clg400-1
------------------------------------------------------------------------------------

Upgrade Log for IP 'ugv_motorEncoder_0_0'

1. Summary
----------

SUCCESS in the conversion of ugv_motorEncoder_0_0 (xilinx.com:user:motorEncoder:1.0 (Rev. 14)) to Vivado generation flows.






Copyright 1986-2019 Xilinx, Inc. All Rights Reserved.
------------------------------------------------------------------------------------
| Tool Version : Vivado v.2019.1 (win64) Build 2552052 Fri May 24 14:49:42 MDT 2019
| Date         : Thu Apr 21 15:20:07 2022
| Host         : LAPTOP-6D15CRP5 running 64-bit major release  (build 9200)
| Command      : upgrade_ip
| Device       : xc7z020clg400-1
------------------------------------------------------------------------------------

Upgrade Log for IP 'ugv_motorEncoder_1_0'

1. Summary
----------

SUCCESS in the conversion of ugv_motorEncoder_1_0 (xilinx.com:user:motorEncoder:1.0 (Rev. 14)) to Vivado generation flows.






Copyright 1986-2019 Xilinx, Inc. All Rights Reserved.
------------------------------------------------------------------------------------
| Tool Version : Vivado v.2019.1 (win64) Build 2552052 Fri May 24 14:49:42 MDT 2019
| Date         : Thu Apr 21 15:20:07 2022
| Host         : LAPTOP-6D15CRP5 running 64-bit major release  (build 9200)
| Command      : upgrade_ip
| Device       : xc7z020clg400-1
------------------------------------------------------------------------------------

Upgrade Log for IP 'ugv_motorEncoder_0_1'

1. Summary
----------

SUCCESS in the conversion of ugv_motorEncoder_0_1 (xilinx.com:user:motorEncoder:1.0 (Rev. 14)) to Vivado generation flows.






Copyright 1986-2019 Xilinx, Inc. All Rights Reserved.
------------------------------------------------------------------------------------
| Tool Version : Vivado v.2019.1 (win64) Build 2552052 Fri May 24 14:49:42 MDT 2019
| Date         : Thu Apr 21 15:20:07 2022
| Host         : LAPTOP-6D15CRP5 running 64-bit major release  (build 9200)
| Command      : upgrade_ip
| Device       : xc7z020clg400-1
------------------------------------------------------------------------------------

Upgrade Log for IP 'ugv_motorEncoder_0_0'

1. Summary
----------

SUCCESS in the conversion of ugv_motorEncoder_0_0 (xilinx.com:user:motorEncoder:1.0 (Rev. 14)) to Vivado generation flows.






Copyright 1986-2019 Xilinx, Inc. All Rights Reserved.
------------------------------------------------------------------------------------
| Tool Version : Vivado v.2019.1 (win64) Build 2552052 Fri May 24 14:49:42 MDT 2019
| Date         : Thu Apr 21 15:18:56 2022
| Host         : LAPTOP-6D15CRP5 running 64-bit major release  (build 9200)
| Command      : upgrade_ip
| Device       : xc7z020clg400-1
------------------------------------------------------------------------------------

Upgrade Log for IP 'ugv_motorPWM_0_2'

1. Summary
----------

SUCCESS in the conversion of ugv_motorPWM_0_2 (xilinx.com:user:motorPWM:1.0 (Rev. 16)) to Vivado generation flows.






Copyright 1986-2019 Xilinx, Inc. All Rights Reserved.
------------------------------------------------------------------------------------
| Tool Version : Vivado v.2019.1 (win64) Build 2552052 Fri May 24 14:49:42 MDT 2019
| Date         : Thu Apr 21 15:18:56 2022
| Host         : LAPTOP-6D15CRP5 running 64-bit major release  (build 9200)
| Command      : upgrade_ip
| Device       : xc7z020clg400-1
------------------------------------------------------------------------------------

Upgrade Log for IP 'ugv_motorPWM_0_1'

1. Summary
----------

SUCCESS in the conversion of ugv_motorPWM_0_1 (xilinx.com:user:motorPWM:1.0 (Rev. 16)) to Vivado generation flows.






Copyright 1986-2019 Xilinx, Inc. All Rights Reserved.
------------------------------------------------------------------------------------
| Tool Version : Vivado v.2019.1 (win64) Build 2552052 Fri May 24 14:49:42 MDT 2019
| Date         : Thu Apr 21 15:18:56 2022
| Host         : LAPTOP-6D15CRP5 running 64-bit major release  (build 9200)
| Command      : upgrade_ip
| Device       : xc7z020clg400-1
------------------------------------------------------------------------------------

Upgrade Log for IP 'ugv_motorPWM_0_0'

1. Summary
----------

SUCCESS in the conversion of ugv_motorPWM_0_0 (xilinx.com:user:motorPWM:1.0 (Rev. 16)) to Vivado generation flows.






Copyright 1986-2019 Xilinx, Inc. All Rights Reserved.
------------------------------------------------------------------------------------
| Tool Version : Vivado v.2019.1 (win64) Build 2552052 Fri May 24 14:49:42 MDT 2019
| Date         : Thu Apr 21 15:18:56 2022
| Host         : LAPTOP-6D15CRP5 running 64-bit major release  (build 9200)
| Command      : upgrade_ip
| Device       : xc7z020clg400-1
------------------------------------------------------------------------------------

Upgrade Log for IP 'ugv_motorEncoder_1_0'

1. Summary
----------

SUCCESS in the conversion of ugv_motorEncoder_1_0 (xilinx.com:user:motorEncoder:1.0 (Rev. 14)) to Vivado generation flows.






Copyright 1986-2019 Xilinx, Inc. All Rights Reserved.
------------------------------------------------------------------------------------
| Tool Version : Vivado v.2019.1 (win64) Build 2552052 Fri May 24 14:49:42 MDT 2019
| Date         : Thu Apr 21 15:18:56 2022
| Host         : LAPTOP-6D15CRP5 running 64-bit major release  (build 9200)
| Command      : upgrade_ip
| Device       : xc7z020clg400-1
------------------------------------------------------------------------------------

Upgrade Log for IP 'ugv_motorEncoder_0_1'

1. Summary
----------

SUCCESS in the conversion of ugv_motorEncoder_0_1 (xilinx.com:user:motorEncoder:1.0 (Rev. 14)) to Vivado generation flows.






Copyright 1986-2019 Xilinx, Inc. All Rights Reserved.
------------------------------------------------------------------------------------
| Tool Version : Vivado v.2019.1 (win64) Build 2552052 Fri May 24 14:49:42 MDT 2019
| Date         : Thu Apr 21 15:18:56 2022
| Host         : LAPTOP-6D15CRP5 running 64-bit major release  (build 9200)
| Command      : upgrade_ip
| Device       : xc7z020clg400-1
------------------------------------------------------------------------------------

Upgrade Log for IP 'ugv_motorEncoder_0_0'

1. Summary
----------

SUCCESS in the conversion of ugv_motorEncoder_0_0 (xilinx.com:user:motorEncoder:1.0 (Rev. 14)) to Vivado generation flows.






Copyright 1986-2019 Xilinx, Inc. All Rights Reserved.
------------------------------------------------------------------------------------
| Tool Version : Vivado v.2019.1 (win64) Build 2552052 Fri May 24 14:49:42 MDT 2019
| Date         : Wed Apr 20 15:01:02 2022
| Host         : LAPTOP-6D15CRP5 running 64-bit major release  (build 9200)
| Command      : upgrade_ip
| Device       : xc7z020clg400-1
------------------------------------------------------------------------------------

Upgrade Log for IP 'ugv_motorEncoder_1_0'

1. Summary
----------

SUCCESS in the conversion of ugv_motorEncoder_1_0 (xilinx.com:user:motorEncoder:1.0 (Rev. 14)) to Vivado generation flows.






Copyright 1986-2019 Xilinx, Inc. All Rights Reserved.
------------------------------------------------------------------------------------
| Tool Version : Vivado v.2019.1 (win64) Build 2552052 Fri May 24 14:49:42 MDT 2019
| Date         : Wed Apr 20 15:01:02 2022
| Host         : LAPTOP-6D15CRP5 running 64-bit major release  (build 9200)
| Command      : upgrade_ip
| Device       : xc7z020clg400-1
------------------------------------------------------------------------------------

Upgrade Log for IP 'ugv_motorEncoder_0_1'

1. Summary
----------

SUCCESS in the conversion of ugv_motorEncoder_0_1 (xilinx.com:user:motorEncoder:1.0 (Rev. 14)) to Vivado generation flows.






Copyright 1986-2019 Xilinx, Inc. All Rights Reserved.
------------------------------------------------------------------------------------
| Tool Version : Vivado v.2019.1 (win64) Build 2552052 Fri May 24 14:49:42 MDT 2019
| Date         : Wed Apr 20 15:01:02 2022
| Host         : LAPTOP-6D15CRP5 running 64-bit major release  (build 9200)
| Command      : upgrade_ip
| Device       : xc7z020clg400-1
------------------------------------------------------------------------------------

Upgrade Log for IP 'ugv_motorEncoder_0_0'

1. Summary
----------

SUCCESS in the conversion of ugv_motorEncoder_0_0 (xilinx.com:user:motorEncoder:1.0 (Rev. 14)) to Vivado generation flows.






Copyright 1986-2019 Xilinx, Inc. All Rights Reserved.
------------------------------------------------------------------------------------
| Tool Version : Vivado v.2019.1 (win64) Build 2552052 Fri May 24 14:49:42 MDT 2019
| Date         : Wed Apr 20 14:55:35 2022
| Host         : LAPTOP-6D15CRP5 running 64-bit major release  (build 9200)
| Command      : upgrade_ip
| Device       : xc7z020clg400-1
------------------------------------------------------------------------------------

Upgrade Log for IP 'ugv_motorEncoder_1_0'

1. Summary
----------

SUCCESS in the conversion of ugv_motorEncoder_1_0 (xilinx.com:user:motorEncoder:1.0 (Rev. 14)) to Vivado generation flows.






Copyright 1986-2019 Xilinx, Inc. All Rights Reserved.
------------------------------------------------------------------------------------
| Tool Version : Vivado v.2019.1 (win64) Build 2552052 Fri May 24 14:49:42 MDT 2019
| Date         : Wed Apr 20 14:55:35 2022
| Host         : LAPTOP-6D15CRP5 running 64-bit major release  (build 9200)
| Command      : upgrade_ip
| Device       : xc7z020clg400-1
------------------------------------------------------------------------------------

Upgrade Log for IP 'ugv_motorEncoder_0_1'

1. Summary
----------

SUCCESS in the conversion of ugv_motorEncoder_0_1 (xilinx.com:user:motorEncoder:1.0 (Rev. 14)) to Vivado generation flows.






Copyright 1986-2019 Xilinx, Inc. All Rights Reserved.
------------------------------------------------------------------------------------
| Tool Version : Vivado v.2019.1 (win64) Build 2552052 Fri May 24 14:49:42 MDT 2019
| Date         : Wed Apr 20 14:55:35 2022
| Host         : LAPTOP-6D15CRP5 running 64-bit major release  (build 9200)
| Command      : upgrade_ip
| Device       : xc7z020clg400-1
------------------------------------------------------------------------------------

Upgrade Log for IP 'ugv_motorEncoder_0_0'

1. Summary
----------

SUCCESS in the conversion of ugv_motorEncoder_0_0 (xilinx.com:user:motorEncoder:1.0 (Rev. 14)) to Vivado generation flows.






Copyright 1986-2019 Xilinx, Inc. All Rights Reserved.
------------------------------------------------------------------------------------
| Tool Version : Vivado v.2019.1 (win64) Build 2552052 Fri May 24 14:49:42 MDT 2019
| Date         : Wed Apr 20 14:44:30 2022
| Host         : LAPTOP-6D15CRP5 running 64-bit major release  (build 9200)
| Command      : upgrade_ip
| Device       : xc7z020clg400-1
------------------------------------------------------------------------------------

Upgrade Log for IP 'ugv_motorEncoder_1_0'

1. Summary
----------

SUCCESS in the conversion of ugv_motorEncoder_1_0 (xilinx.com:user:motorEncoder:1.0 (Rev. 14)) to Vivado generation flows.






Copyright 1986-2019 Xilinx, Inc. All Rights Reserved.
------------------------------------------------------------------------------------
| Tool Version : Vivado v.2019.1 (win64) Build 2552052 Fri May 24 14:49:42 MDT 2019
| Date         : Wed Apr 20 14:44:30 2022
| Host         : LAPTOP-6D15CRP5 running 64-bit major release  (build 9200)
| Command      : upgrade_ip
| Device       : xc7z020clg400-1
------------------------------------------------------------------------------------

Upgrade Log for IP 'ugv_motorEncoder_0_1'

1. Summary
----------

SUCCESS in the conversion of ugv_motorEncoder_0_1 (xilinx.com:user:motorEncoder:1.0 (Rev. 14)) to Vivado generation flows.






Copyright 1986-2019 Xilinx, Inc. All Rights Reserved.
------------------------------------------------------------------------------------
| Tool Version : Vivado v.2019.1 (win64) Build 2552052 Fri May 24 14:49:42 MDT 2019
| Date         : Wed Apr 20 14:44:30 2022
| Host         : LAPTOP-6D15CRP5 running 64-bit major release  (build 9200)
| Command      : upgrade_ip
| Device       : xc7z020clg400-1
------------------------------------------------------------------------------------

Upgrade Log for IP 'ugv_motorEncoder_0_0'

1. Summary
----------

SUCCESS in the conversion of ugv_motorEncoder_0_0 (xilinx.com:user:motorEncoder:1.0 (Rev. 14)) to Vivado generation flows.






Copyright 1986-2019 Xilinx, Inc. All Rights Reserved.
------------------------------------------------------------------------------------
| Tool Version : Vivado v.2019.1 (win64) Build 2552052 Fri May 24 14:49:42 MDT 2019
| Date         : Wed Apr 20 13:13:42 2022
| Host         : LAPTOP-6D15CRP5 running 64-bit major release  (build 9200)
| Command      : upgrade_ip
| Device       : xc7z020clg400-1
------------------------------------------------------------------------------------

Upgrade Log for IP 'ugv_motorEncoder_1_0'

1. Summary
----------

SUCCESS in the conversion of ugv_motorEncoder_1_0 (xilinx.com:user:motorEncoder:1.0 (Rev. 14)) to Vivado generation flows.






Copyright 1986-2019 Xilinx, Inc. All Rights Reserved.
------------------------------------------------------------------------------------
| Tool Version : Vivado v.2019.1 (win64) Build 2552052 Fri May 24 14:49:42 MDT 2019
| Date         : Wed Apr 20 13:13:42 2022
| Host         : LAPTOP-6D15CRP5 running 64-bit major release  (build 9200)
| Command      : upgrade_ip
| Device       : xc7z020clg400-1
------------------------------------------------------------------------------------

Upgrade Log for IP 'ugv_motorEncoder_0_1'

1. Summary
----------

SUCCESS in the conversion of ugv_motorEncoder_0_1 (xilinx.com:user:motorEncoder:1.0 (Rev. 14)) to Vivado generation flows.






Copyright 1986-2019 Xilinx, Inc. All Rights Reserved.
------------------------------------------------------------------------------------
| Tool Version : Vivado v.2019.1 (win64) Build 2552052 Fri May 24 14:49:42 MDT 2019
| Date         : Wed Apr 20 13:13:42 2022
| Host         : LAPTOP-6D15CRP5 running 64-bit major release  (build 9200)
| Command      : upgrade_ip
| Device       : xc7z020clg400-1
------------------------------------------------------------------------------------

Upgrade Log for IP 'ugv_motorEncoder_0_0'

1. Summary
----------

SUCCESS in the conversion of ugv_motorEncoder_0_0 (xilinx.com:user:motorEncoder:1.0 (Rev. 14)) to Vivado generation flows.






Copyright 1986-2019 Xilinx, Inc. All Rights Reserved.
------------------------------------------------------------------------------------
| Tool Version : Vivado v.2019.1 (win64) Build 2552052 Fri May 24 14:49:42 MDT 2019
| Date         : Wed Apr 20 13:08:37 2022
| Host         : LAPTOP-6D15CRP5 running 64-bit major release  (build 9200)
| Command      : upgrade_ip
| Device       : xc7z020clg400-1
------------------------------------------------------------------------------------

Upgrade Log for IP 'ugv_motorEncoder_1_0'

1. Summary
----------

SUCCESS in the conversion of ugv_motorEncoder_1_0 (xilinx.com:user:motorEncoder:1.0 (Rev. 14)) to Vivado generation flows.






Copyright 1986-2019 Xilinx, Inc. All Rights Reserved.
------------------------------------------------------------------------------------
| Tool Version : Vivado v.2019.1 (win64) Build 2552052 Fri May 24 14:49:42 MDT 2019
| Date         : Wed Apr 20 13:08:37 2022
| Host         : LAPTOP-6D15CRP5 running 64-bit major release  (build 9200)
| Command      : upgrade_ip
| Device       : xc7z020clg400-1
------------------------------------------------------------------------------------

Upgrade Log for IP 'ugv_motorEncoder_0_1'

1. Summary
----------

SUCCESS in the conversion of ugv_motorEncoder_0_1 (xilinx.com:user:motorEncoder:1.0 (Rev. 14)) to Vivado generation flows.






Copyright 1986-2019 Xilinx, Inc. All Rights Reserved.
------------------------------------------------------------------------------------
| Tool Version : Vivado v.2019.1 (win64) Build 2552052 Fri May 24 14:49:42 MDT 2019
| Date         : Wed Apr 20 13:08:37 2022
| Host         : LAPTOP-6D15CRP5 running 64-bit major release  (build 9200)
| Command      : upgrade_ip
| Device       : xc7z020clg400-1
------------------------------------------------------------------------------------

Upgrade Log for IP 'ugv_motorEncoder_0_0'

1. Summary
----------

SUCCESS in the conversion of ugv_motorEncoder_0_0 (xilinx.com:user:motorEncoder:1.0 (Rev. 14)) to Vivado generation flows.






Copyright 1986-2019 Xilinx, Inc. All Rights Reserved.
------------------------------------------------------------------------------------
| Tool Version : Vivado v.2019.1 (win64) Build 2552052 Fri May 24 14:49:42 MDT 2019
| Date         : Wed Apr 20 12:59:44 2022
| Host         : LAPTOP-6D15CRP5 running 64-bit major release  (build 9200)
| Command      : upgrade_ip
| Device       : xc7z020clg400-1
------------------------------------------------------------------------------------

Upgrade Log for IP 'ugv_motorEncoder_1_0'

1. Summary
----------

SUCCESS in the conversion of ugv_motorEncoder_1_0 (xilinx.com:user:motorEncoder:1.0 (Rev. 14)) to Vivado generation flows.






Copyright 1986-2019 Xilinx, Inc. All Rights Reserved.
------------------------------------------------------------------------------------
| Tool Version : Vivado v.2019.1 (win64) Build 2552052 Fri May 24 14:49:42 MDT 2019
| Date         : Wed Apr 20 12:59:44 2022
| Host         : LAPTOP-6D15CRP5 running 64-bit major release  (build 9200)
| Command      : upgrade_ip
| Device       : xc7z020clg400-1
------------------------------------------------------------------------------------

Upgrade Log for IP 'ugv_motorEncoder_0_1'

1. Summary
----------

SUCCESS in the conversion of ugv_motorEncoder_0_1 (xilinx.com:user:motorEncoder:1.0 (Rev. 14)) to Vivado generation flows.






Copyright 1986-2019 Xilinx, Inc. All Rights Reserved.
------------------------------------------------------------------------------------
| Tool Version : Vivado v.2019.1 (win64) Build 2552052 Fri May 24 14:49:42 MDT 2019
| Date         : Wed Apr 20 12:59:44 2022
| Host         : LAPTOP-6D15CRP5 running 64-bit major release  (build 9200)
| Command      : upgrade_ip
| Device       : xc7z020clg400-1
------------------------------------------------------------------------------------

Upgrade Log for IP 'ugv_motorEncoder_0_0'

1. Summary
----------

SUCCESS in the conversion of ugv_motorEncoder_0_0 (xilinx.com:user:motorEncoder:1.0 (Rev. 14)) to Vivado generation flows.






Copyright 1986-2019 Xilinx, Inc. All Rights Reserved.
------------------------------------------------------------------------------------
| Tool Version : Vivado v.2019.1 (win64) Build 2552052 Fri May 24 14:49:42 MDT 2019
| Date         : Wed Apr 20 12:53:40 2022
| Host         : LAPTOP-6D15CRP5 running 64-bit major release  (build 9200)
| Command      : upgrade_ip
| Device       : xc7z020clg400-1
------------------------------------------------------------------------------------

Upgrade Log for IP 'ugv_motorEncoder_1_0'

1. Summary
----------

SUCCESS in the conversion of ugv_motorEncoder_1_0 (xilinx.com:user:motorEncoder:1.0 (Rev. 14)) to Vivado generation flows.






Copyright 1986-2019 Xilinx, Inc. All Rights Reserved.
------------------------------------------------------------------------------------
| Tool Version : Vivado v.2019.1 (win64) Build 2552052 Fri May 24 14:49:42 MDT 2019
| Date         : Wed Apr 20 12:53:40 2022
| Host         : LAPTOP-6D15CRP5 running 64-bit major release  (build 9200)
| Command      : upgrade_ip
| Device       : xc7z020clg400-1
------------------------------------------------------------------------------------

Upgrade Log for IP 'ugv_motorEncoder_0_1'

1. Summary
----------

SUCCESS in the conversion of ugv_motorEncoder_0_1 (xilinx.com:user:motorEncoder:1.0 (Rev. 14)) to Vivado generation flows.






Copyright 1986-2019 Xilinx, Inc. All Rights Reserved.
------------------------------------------------------------------------------------
| Tool Version : Vivado v.2019.1 (win64) Build 2552052 Fri May 24 14:49:42 MDT 2019
| Date         : Wed Apr 20 12:53:40 2022
| Host         : LAPTOP-6D15CRP5 running 64-bit major release  (build 9200)
| Command      : upgrade_ip
| Device       : xc7z020clg400-1
------------------------------------------------------------------------------------

Upgrade Log for IP 'ugv_motorEncoder_0_0'

1. Summary
----------

SUCCESS in the conversion of ugv_motorEncoder_0_0 (xilinx.com:user:motorEncoder:1.0 (Rev. 14)) to Vivado generation flows.






Copyright 1986-2019 Xilinx, Inc. All Rights Reserved.
------------------------------------------------------------------------------------
| Tool Version : Vivado v.2019.1 (win64) Build 2552052 Fri May 24 14:49:42 MDT 2019
| Date         : Wed Apr 20 12:51:19 2022
| Host         : LAPTOP-6D15CRP5 running 64-bit major release  (build 9200)
| Command      : upgrade_ip
| Device       : xc7z020clg400-1
------------------------------------------------------------------------------------

Upgrade Log for IP 'ugv_motorEncoder_1_0'

1. Summary
----------

SUCCESS in the upgrade of ugv_motorEncoder_1_0 (xilinx.com:user:motorEncoder:1.0) from (Rev. 13) to (Rev. 14)






Copyright 1986-2019 Xilinx, Inc. All Rights Reserved.
------------------------------------------------------------------------------------
| Tool Version : Vivado v.2019.1 (win64) Build 2552052 Fri May 24 14:49:42 MDT 2019
| Date         : Wed Apr 20 12:51:19 2022
| Host         : LAPTOP-6D15CRP5 running 64-bit major release  (build 9200)
| Command      : upgrade_ip
| Device       : xc7z020clg400-1
------------------------------------------------------------------------------------

Upgrade Log for IP 'ugv_motorEncoder_0_1'

1. Summary
----------

SUCCESS in the upgrade of ugv_motorEncoder_0_1 (xilinx.com:user:motorEncoder:1.0) from (Rev. 13) to (Rev. 14)






Copyright 1986-2019 Xilinx, Inc. All Rights Reserved.
------------------------------------------------------------------------------------
| Tool Version : Vivado v.2019.1 (win64) Build 2552052 Fri May 24 14:49:42 MDT 2019
| Date         : Wed Apr 20 12:51:19 2022
| Host         : LAPTOP-6D15CRP5 running 64-bit major release  (build 9200)
| Command      : upgrade_ip
| Device       : xc7z020clg400-1
------------------------------------------------------------------------------------

Upgrade Log for IP 'ugv_motorEncoder_0_0'

1. Summary
----------

SUCCESS in the upgrade of ugv_motorEncoder_0_0 (xilinx.com:user:motorEncoder:1.0) from (Rev. 13) to (Rev. 14)






Copyright 1986-2019 Xilinx, Inc. All Rights Reserved.
------------------------------------------------------------------------------------
| Tool Version : Vivado v.2019.1 (win64) Build 2552052 Fri May 24 14:49:42 MDT 2019
| Date         : Wed Apr 20 12:42:28 2022
| Host         : LAPTOP-6D15CRP5 running 64-bit major release  (build 9200)
| Command      : upgrade_ip
| Device       : xc7z020clg400-1
------------------------------------------------------------------------------------

Upgrade Log for IP 'ugv_motorEncoder_1_0'

1. Summary
----------

SUCCESS in the conversion of ugv_motorEncoder_1_0 (xilinx.com:user:motorEncoder:1.0 (Rev. 13)) to Vivado generation flows.






Copyright 1986-2019 Xilinx, Inc. All Rights Reserved.
------------------------------------------------------------------------------------
| Tool Version : Vivado v.2019.1 (win64) Build 2552052 Fri May 24 14:49:42 MDT 2019
| Date         : Wed Apr 20 12:42:28 2022
| Host         : LAPTOP-6D15CRP5 running 64-bit major release  (build 9200)
| Command      : upgrade_ip
| Device       : xc7z020clg400-1
------------------------------------------------------------------------------------

Upgrade Log for IP 'ugv_motorEncoder_0_1'

1. Summary
----------

SUCCESS in the conversion of ugv_motorEncoder_0_1 (xilinx.com:user:motorEncoder:1.0 (Rev. 13)) to Vivado generation flows.






Copyright 1986-2019 Xilinx, Inc. All Rights Reserved.
------------------------------------------------------------------------------------
| Tool Version : Vivado v.2019.1 (win64) Build 2552052 Fri May 24 14:49:42 MDT 2019
| Date         : Wed Apr 20 12:42:28 2022
| Host         : LAPTOP-6D15CRP5 running 64-bit major release  (build 9200)
| Command      : upgrade_ip
| Device       : xc7z020clg400-1
------------------------------------------------------------------------------------

Upgrade Log for IP 'ugv_motorEncoder_0_0'

1. Summary
----------

SUCCESS in the conversion of ugv_motorEncoder_0_0 (xilinx.com:user:motorEncoder:1.0 (Rev. 13)) to Vivado generation flows.






Copyright 1986-2019 Xilinx, Inc. All Rights Reserved.
------------------------------------------------------------------------------------
| Tool Version : Vivado v.2019.1 (win64) Build 2552052 Fri May 24 14:49:42 MDT 2019
| Date         : Wed Apr 20 11:56:04 2022
| Host         : LAPTOP-6D15CRP5 running 64-bit major release  (build 9200)
| Command      : upgrade_ip
| Device       : xc7z020clg400-1
------------------------------------------------------------------------------------

Upgrade Log for IP 'ugv_motorEncoder_1_0'

1. Summary
----------

SUCCESS in the upgrade of ugv_motorEncoder_1_0 (xilinx.com:user:motorEncoder:1.0) from (Rev. 12) to (Rev. 13)






Copyright 1986-2019 Xilinx, Inc. All Rights Reserved.
------------------------------------------------------------------------------------
| Tool Version : Vivado v.2019.1 (win64) Build 2552052 Fri May 24 14:49:42 MDT 2019
| Date         : Wed Apr 20 11:56:04 2022
| Host         : LAPTOP-6D15CRP5 running 64-bit major release  (build 9200)
| Command      : upgrade_ip
| Device       : xc7z020clg400-1
------------------------------------------------------------------------------------

Upgrade Log for IP 'ugv_motorEncoder_0_1'

1. Summary
----------

SUCCESS in the upgrade of ugv_motorEncoder_0_1 (xilinx.com:user:motorEncoder:1.0) from (Rev. 12) to (Rev. 13)






Copyright 1986-2019 Xilinx, Inc. All Rights Reserved.
------------------------------------------------------------------------------------
| Tool Version : Vivado v.2019.1 (win64) Build 2552052 Fri May 24 14:49:42 MDT 2019
| Date         : Wed Apr 20 11:56:04 2022
| Host         : LAPTOP-6D15CRP5 running 64-bit major release  (build 9200)
| Command      : upgrade_ip
| Device       : xc7z020clg400-1
------------------------------------------------------------------------------------

Upgrade Log for IP 'ugv_motorEncoder_0_0'

1. Summary
----------

SUCCESS in the upgrade of ugv_motorEncoder_0_0 (xilinx.com:user:motorEncoder:1.0) from (Rev. 12) to (Rev. 13)






Copyright 1986-2019 Xilinx, Inc. All Rights Reserved.
------------------------------------------------------------------------------------
| Tool Version : Vivado v.2019.1 (win64) Build 2552052 Fri May 24 14:49:42 MDT 2019
| Date         : Wed Apr 20 11:31:37 2022
| Host         : LAPTOP-6D15CRP5 running 64-bit major release  (build 9200)
| Command      : upgrade_ip
| Device       : xc7z020clg400-1
------------------------------------------------------------------------------------

Upgrade Log for IP 'ugv_PmodGPS_0_0'

1. Summary
----------

SUCCESS in the conversion of ugv_PmodGPS_0_0 (digilentinc.com:IP:PmodGPS:1.1 (Rev. 23)) to Vivado generation flows.

