13:43:31 **** Auto Build of configuration Debug for project arm0 ****
make pre-build main-build 
a9-linaro-pre-build-step
' '
'Building file: ../src/servoMotor_utilities.c'
'Invoking: ARM v7 gcc compiler'
arm-none-eabi-gcc -Wall -O0 -g3 -c -fmessage-length=0 -MT"src/servoMotor_utilities.o" -mcpu=cortex-a9 -mfpu=vfpv3 -mfloat-abi=hard -I../../arm0_bsp/ps7_cortexa9_0/include -MMD -MP -MF"src/servoMotor_utilities.d" -MT"src/servoMotor_utilities.o" -o "src/servoMotor_utilities.o" "../src/servoMotor_utilities.c"
../src/servoMotor_utilities.c: In function 'servoMotor_pidInitialize':
../src/servoMotor_utilities.c:80:6: warning: unused variable 'Status' [-Wunused-variable]
  int Status;
      ^~~~~~
../src/servoMotor_utilities.c: In function 'servoMotor_pwmInitialize':
../src/servoMotor_utilities.c:44:1: warning: control reaches end of non-void function [-Wreturn-type]
 }
 ^
'Finished building: ../src/servoMotor_utilities.c'
' '
'Building target: arm0.elf'
'Invoking: ARM v7 gcc linker'
arm-none-eabi-gcc -mcpu=cortex-a9 -mfpu=vfpv3 -mfloat-abi=hard -Wl,-build-id=none -specs=Xilinx.spec -Wl,-T -Wl,../src/lscript.ld -L../../arm0_bsp/ps7_cortexa9_0/lib -o "arm0.elf"  ./src/driveMotor_utilities.o ./src/pid.o ./src/servoMotor_utilities.o ./src/system.o   -lm -Wl,--start-group,-lxil,-lgcc,-lc,--end-group
c:/xilinx/sdk/2019.1/gnu/aarch32/nt/gcc-arm-none-eabi/bin/../lib/gcc/arm-none-eabi/8.2.0/../../../../arm-none-eabi/bin/ld.exe: ../../arm0_bsp/ps7_cortexa9_0/lib\libxil.a(xil-crt0.o): in function `_start':
C:\Users\george\Documents\local_projects\dryrun\dryrun.sdk\arm0_bsp\ps7_cortexa9_0\libsrc\standalone_v7_0\src/xil-crt0.S:138: undefined reference to `main'
collect2.exe: error: ld returned 1 exit status
make: *** [makefile:41: arm0.elf] Error 1

13:43:32 Build Finished (took 972ms)

